<?xml version="1.0" encoding="UTF-8"?>
<!-- Generated by org.testng.reporters.JUnitReportReporter -->
<testsuite hostname="DESKTOP-0PO628N" name="com.youceedu.tools.testng.TestDependsGroup" tests="4" failures="0" timestamp="14 Mar 2021 11:44:28 GMT" time="0.008" errors="0">
  <testcase name="a_serverInitStatus" time="0.007" classname="com.youceedu.tools.testng.TestDependsGroup"/>
  <testcase name="b_serverStartStatus" time="0.001" classname="com.youceedu.tools.testng.TestDependsGroup"/>
  <testcase name="d_monitor" time="0.000" classname="com.youceedu.tools.testng.TestDependsGroup"/>
  <testcase name="c_serverAfterStatus" time="0.000" classname="com.youceedu.tools.testng.TestDependsGroup"/>
</testsuite> <!-- com.youceedu.tools.testng.TestDependsGroup -->
