<?xml version="1.0" encoding="UTF-8"?>
<!-- Generated by org.testng.reporters.JUnitReportReporter -->
<testsuite hostname="DESKTOP-0PO628N" name="com.youceedu.interf.test.TestRun" tests="1" failures="0" timestamp="28 May 2021 13:30:53 GMT" time="0.004" errors="0">
  <testcase name="httpReq" time="0.004" classname="com.youceedu.interf.test.TestRun"/>
</testsuite> <!-- com.youceedu.interf.test.TestRun -->
