<?xml version="1.0" encoding="UTF-8"?>
<!-- Generated by org.testng.reporters.JUnitReportReporter -->
<testsuite hostname="DESKTOP-0PO628N" name="com.youceedu.tools.testng.TestPriority" tests="3" failures="0" timestamp="14 Mar 2021 12:30:19 GMT" time="0.006" errors="0">
  <testcase name="b_serverInitStatus" time="0.006" classname="com.youceedu.tools.testng.TestPriority"/>
  <testcase name="serverAfterStatus" time="0.000" classname="com.youceedu.tools.testng.TestPriority"/>
  <testcase name="monitor" time="0.000" classname="com.youceedu.tools.testng.TestPriority"/>
</testsuite> <!-- com.youceedu.tools.testng.TestPriority -->
