<?xml version="1.0" encoding="UTF-8"?>
<!-- Generated by org.testng.reporters.JUnitReportReporter -->
<testsuite hostname="DESKTOP-0PO628N" name="com.youceedu.interf.test.NewTest" tests="2" failures="0" timestamp="15 Mar 2021 11:44:11 GMT" time="0.003" errors="0">
  <testcase name="f" time="0.002" classname="com.youceedu.interf.test.NewTest"/>
  <testcase name="f" time="0.001" classname="com.youceedu.interf.test.NewTest"/>
</testsuite> <!-- com.youceedu.interf.test.NewTest -->
