<?xml version="1.0" encoding="UTF-8"?>
<!-- Generated by org.testng.reporters.JUnitReportReporter -->
<testsuite hostname="DESKTOP-0PO628N" name="com.youceedu.interf.test.TestRun" tests="1" failures="0" timestamp="4 Jun 2021 13:55:23 GMT" time="0.008" errors="0">
  <testcase name="httpReq" time="0.008" classname="com.youceedu.interf.test.TestRun"/>
</testsuite> <!-- com.youceedu.interf.test.TestRun -->
