<?xml version="1.0" encoding="UTF-8"?>
<!-- Generated by org.testng.reporters.JUnitReportReporter -->
<testsuite hostname="DESKTOP-0PO628N" name="com.youceedu.tools.testng.TestDependsMethods" tests="3" failures="0" timestamp="14 Mar 2021 11:57:14 GMT" time="0.008" errors="0">
  <testcase name="a_login" time="0.006" classname="com.youceedu.tools.testng.TestDependsMethods"/>
  <testcase name="c_addOrder" time="0.001" classname="com.youceedu.tools.testng.TestDependsMethods"/>
  <testcase name="b_addShoppingCart" time="0.001" classname="com.youceedu.tools.testng.TestDependsMethods"/>
</testsuite> <!-- com.youceedu.tools.testng.TestDependsMethods -->
