<?xml version="1.0" encoding="UTF-8"?>
<!-- Generated by org.testng.reporters.JUnitReportReporter -->
<testsuite hostname="DESKTOP-0PO628N" name="com.youceedu.tools.testng.TestInvocationCount" tests="1000" failures="0" timestamp="14 Mar 2021 12:16:55 GMT" time="0.564" errors="0">
  <testcase name="f" time="0.001" classname="com.youceedu.tools.testng.TestInvocationCount"/>
  <testcase name="f" time="0.000" classname="com.youceedu.tools.testng.TestInvocationCount"/>
  <testcase name="f" time="0.000" classname="com.youceedu.tools.testng.TestInvocationCount"/>
  <testcase name="f" time="0.000" classname="com.youceedu.tools.testng.TestInvocationCount"/>
  <testcase name="f" time="0.007" classname="com.youceedu.tools.testng.TestInvocationCount"/>
  <testcase name="f" time="0.002" classname="com.youceedu.tools.testng.TestInvocationCount"/>
  <testcase name="f" time="0.000" classname="com.youceedu.tools.testng.TestInvocationCount"/>
  <testcase name="f" time="0.001" classname="com.youceedu.tools.testng.TestInvocationCount"/>
  <testcase name="f" time="0.000" classname="com.youceedu.tools.testng.TestInvocationCount"/>
  <testcase name="f" time="0.000" classname="com.youceedu.tools.testng.TestInvocationCount"/>
  <testcase name="f" time="0.000" classname="com.youceedu.tools.testng.TestInvocationCount"/>
  <testcase name="f" time="0.000" classname="com.youceedu.tools.testng.TestInvocationCount"/>
  <testcase name="f" time="0.002" classname="com.youceedu.tools.testng.TestInvocationCount"/>
  <testcase name="f" time="0.000" classname="com.youceedu.tools.testng.TestInvocationCount"/>
  <testcase name="f" time="0.000" classname="com.youceedu.tools.testng.TestInvocationCount"/>
  <testcase name="f" time="0.000" classname="com.youceedu.tools.testng.TestInvocationCount"/>
  <testcase name="f" time="0.001" classname="com.youceedu.tools.testng.TestInvocationCount"/>
  <testcase name="f" time="0.000" classname="com.youceedu.tools.testng.TestInvocationCount"/>
  <testcase name="f" time="0.000" classname="com.youceedu.tools.testng.TestInvocationCount"/>
  <testcase name="f" time="0.000" classname="com.youceedu.tools.testng.TestInvocationCount"/>
  <testcase name="f" time="0.000" classname="com.youceedu.tools.testng.TestInvocationCount"/>
  <testcase name="f" time="0.000" classname="com.youceedu.tools.testng.TestInvocationCount"/>
  <testcase name="f" time="0.000" classname="com.youceedu.tools.testng.TestInvocationCount"/>
  <testcase name="f" time="0.001" classname="com.youceedu.tools.testng.TestInvocationCount"/>
  <testcase name="f" time="0.000" classname="com.youceedu.tools.testng.TestInvocationCount"/>
  <testcase name="f" time="0.000" classname="com.youceedu.tools.testng.TestInvocationCount"/>
  <testcase name="f" time="0.000" classname="com.youceedu.tools.testng.TestInvocationCount"/>
  <testcase name="f" time="0.000" classname="com.youceedu.tools.testng.TestInvocationCount"/>
  <testcase name="f" time="0.000" classname="com.youceedu.tools.testng.TestInvocationCount"/>
  <testcase name="f" time="0.000" classname="com.youceedu.tools.testng.TestInvocationCount"/>
  <testcase name="f" time="0.000" classname="com.youceedu.tools.testng.TestInvocationCount"/>
  <testcase name="f" time="0.001" classname="com.youceedu.tools.testng.TestInvocationCount"/>
  <testcase name="f" time="0.003" classname="com.youceedu.tools.testng.TestInvocationCount"/>
  <testcase name="f" time="0.001" classname="com.youceedu.tools.testng.TestInvocationCount"/>
  <testcase name="f" time="0.000" classname="com.youceedu.tools.testng.TestInvocationCount"/>
  <testcase name="f" time="0.000" classname="com.youceedu.tools.testng.TestInvocationCount"/>
  <testcase name="f" time="0.000" classname="com.youceedu.tools.testng.TestInvocationCount"/>
  <testcase name="f" time="0.001" classname="com.youceedu.tools.testng.TestInvocationCount"/>
  <testcase name="f" time="0.001" classname="com.youceedu.tools.testng.TestInvocationCount"/>
  <testcase name="f" time="0.000" classname="com.youceedu.tools.testng.TestInvocationCount"/>
  <testcase name="f" time="0.000" classname="com.youceedu.tools.testng.TestInvocationCount"/>
  <testcase name="f" time="0.000" classname="com.youceedu.tools.testng.TestInvocationCount"/>
  <testcase name="f" time="0.000" classname="com.youceedu.tools.testng.TestInvocationCount"/>
  <testcase name="f" time="0.000" classname="com.youceedu.tools.testng.TestInvocationCount"/>
  <testcase name="f" time="0.000" classname="com.youceedu.tools.testng.TestInvocationCount"/>
  <testcase name="f" time="0.001" classname="com.youceedu.tools.testng.TestInvocationCount"/>
  <testcase name="f" time="0.000" classname="com.youceedu.tools.testng.TestInvocationCount"/>
  <testcase name="f" time="0.001" classname="com.youceedu.tools.testng.TestInvocationCount"/>
  <testcase name="f" time="0.000" classname="com.youceedu.tools.testng.TestInvocationCount"/>
  <testcase name="f" time="0.000" classname="com.youceedu.tools.testng.TestInvocationCount"/>
  <testcase name="f" time="0.001" classname="com.youceedu.tools.testng.TestInvocationCount"/>
  <testcase name="f" time="0.000" classname="com.youceedu.tools.testng.TestInvocationCount"/>
  <testcase name="f" time="0.000" classname="com.youceedu.tools.testng.TestInvocationCount"/>
  <testcase name="f" time="0.001" classname="com.youceedu.tools.testng.TestInvocationCount"/>
  <testcase name="f" time="0.002" classname="com.youceedu.tools.testng.TestInvocationCount"/>
  <testcase name="f" time="0.000" classname="com.youceedu.tools.testng.TestInvocationCount"/>
  <testcase name="f" time="0.000" classname="com.youceedu.tools.testng.TestInvocationCount"/>
  <testcase name="f" time="0.000" classname="com.youceedu.tools.testng.TestInvocationCount"/>
  <testcase name="f" time="0.000" classname="com.youceedu.tools.testng.TestInvocationCount"/>
  <testcase name="f" time="0.000" classname="com.youceedu.tools.testng.TestInvocationCount"/>
  <testcase name="f" time="0.001" classname="com.youceedu.tools.testng.TestInvocationCount"/>
  <testcase name="f" time="0.001" classname="com.youceedu.tools.testng.TestInvocationCount"/>
  <testcase name="f" time="0.001" classname="com.youceedu.tools.testng.TestInvocationCount"/>
  <testcase name="f" time="0.000" classname="com.youceedu.tools.testng.TestInvocationCount"/>
  <testcase name="f" time="0.001" classname="com.youceedu.tools.testng.TestInvocationCount"/>
  <testcase name="f" time="0.000" classname="com.youceedu.tools.testng.TestInvocationCount"/>
  <testcase name="f" time="0.002" classname="com.youceedu.tools.testng.TestInvocationCount"/>
  <testcase name="f" time="0.000" classname="com.youceedu.tools.testng.TestInvocationCount"/>
  <testcase name="f" time="0.002" classname="com.youceedu.tools.testng.TestInvocationCount"/>
  <testcase name="f" time="0.001" classname="com.youceedu.tools.testng.TestInvocationCount"/>
  <testcase name="f" time="0.001" classname="com.youceedu.tools.testng.TestInvocationCount"/>
  <testcase name="f" time="0.000" classname="com.youceedu.tools.testng.TestInvocationCount"/>
  <testcase name="f" time="0.003" classname="com.youceedu.tools.testng.TestInvocationCount"/>
  <testcase name="f" time="0.003" classname="com.youceedu.tools.testng.TestInvocationCount"/>
  <testcase name="f" time="0.000" classname="com.youceedu.tools.testng.TestInvocationCount"/>
  <testcase name="f" time="0.001" classname="com.youceedu.tools.testng.TestInvocationCount"/>
  <testcase name="f" time="0.000" classname="com.youceedu.tools.testng.TestInvocationCount"/>
  <testcase name="f" time="0.000" classname="com.youceedu.tools.testng.TestInvocationCount"/>
  <testcase name="f" time="0.000" classname="com.youceedu.tools.testng.TestInvocationCount"/>
  <testcase name="f" time="0.000" classname="com.youceedu.tools.testng.TestInvocationCount"/>
  <testcase name="f" time="0.001" classname="com.youceedu.tools.testng.TestInvocationCount"/>
  <testcase name="f" time="0.001" classname="com.youceedu.tools.testng.TestInvocationCount"/>
  <testcase name="f" time="0.000" classname="com.youceedu.tools.testng.TestInvocationCount"/>
  <testcase name="f" time="0.001" classname="com.youceedu.tools.testng.TestInvocationCount"/>
  <testcase name="f" time="0.001" classname="com.youceedu.tools.testng.TestInvocationCount"/>
  <testcase name="f" time="0.001" classname="com.youceedu.tools.testng.TestInvocationCount"/>
  <testcase name="f" time="0.000" classname="com.youceedu.tools.testng.TestInvocationCount"/>
  <testcase name="f" time="0.000" classname="com.youceedu.tools.testng.TestInvocationCount"/>
  <testcase name="f" time="0.000" classname="com.youceedu.tools.testng.TestInvocationCount"/>
  <testcase name="f" time="0.003" classname="com.youceedu.tools.testng.TestInvocationCount"/>
  <testcase name="f" time="0.001" classname="com.youceedu.tools.testng.TestInvocationCount"/>
  <testcase name="f" time="0.000" classname="com.youceedu.tools.testng.TestInvocationCount"/>
  <testcase name="f" time="0.001" classname="com.youceedu.tools.testng.TestInvocationCount"/>
  <testcase name="f" time="0.001" classname="com.youceedu.tools.testng.TestInvocationCount"/>
  <testcase name="f" time="0.000" classname="com.youceedu.tools.testng.TestInvocationCount"/>
  <testcase name="f" time="0.000" classname="com.youceedu.tools.testng.TestInvocationCount"/>
  <testcase name="f" time="0.000" classname="com.youceedu.tools.testng.TestInvocationCount"/>
  <testcase name="f" time="0.000" classname="com.youceedu.tools.testng.TestInvocationCount"/>
  <testcase name="f" time="0.000" classname="com.youceedu.tools.testng.TestInvocationCount"/>
  <testcase name="f" time="0.000" classname="com.youceedu.tools.testng.TestInvocationCount"/>
  <testcase name="f" time="0.000" classname="com.youceedu.tools.testng.TestInvocationCount"/>
  <testcase name="f" time="0.000" classname="com.youceedu.tools.testng.TestInvocationCount"/>
  <testcase name="f" time="0.000" classname="com.youceedu.tools.testng.TestInvocationCount"/>
  <testcase name="f" time="0.000" classname="com.youceedu.tools.testng.TestInvocationCount"/>
  <testcase name="f" time="0.000" classname="com.youceedu.tools.testng.TestInvocationCount"/>
  <testcase name="f" time="0.001" classname="com.youceedu.tools.testng.TestInvocationCount"/>
  <testcase name="f" time="0.001" classname="com.youceedu.tools.testng.TestInvocationCount"/>
  <testcase name="f" time="0.000" classname="com.youceedu.tools.testng.TestInvocationCount"/>
  <testcase name="f" time="0.000" classname="com.youceedu.tools.testng.TestInvocationCount"/>
  <testcase name="f" time="0.000" classname="com.youceedu.tools.testng.TestInvocationCount"/>
  <testcase name="f" time="0.000" classname="com.youceedu.tools.testng.TestInvocationCount"/>
  <testcase name="f" time="0.000" classname="com.youceedu.tools.testng.TestInvocationCount"/>
  <testcase name="f" time="0.000" classname="com.youceedu.tools.testng.TestInvocationCount"/>
  <testcase name="f" time="0.002" classname="com.youceedu.tools.testng.TestInvocationCount"/>
  <testcase name="f" time="0.000" classname="com.youceedu.tools.testng.TestInvocationCount"/>
  <testcase name="f" time="0.000" classname="com.youceedu.tools.testng.TestInvocationCount"/>
  <testcase name="f" time="0.000" classname="com.youceedu.tools.testng.TestInvocationCount"/>
  <testcase name="f" time="0.000" classname="com.youceedu.tools.testng.TestInvocationCount"/>
  <testcase name="f" time="0.000" classname="com.youceedu.tools.testng.TestInvocationCount"/>
  <testcase name="f" time="0.000" classname="com.youceedu.tools.testng.TestInvocationCount"/>
  <testcase name="f" time="0.002" classname="com.youceedu.tools.testng.TestInvocationCount"/>
  <testcase name="f" time="0.000" classname="com.youceedu.tools.testng.TestInvocationCount"/>
  <testcase name="f" time="0.001" classname="com.youceedu.tools.testng.TestInvocationCount"/>
  <testcase name="f" time="0.000" classname="com.youceedu.tools.testng.TestInvocationCount"/>
  <testcase name="f" time="0.000" classname="com.youceedu.tools.testng.TestInvocationCount"/>
  <testcase name="f" time="0.000" classname="com.youceedu.tools.testng.TestInvocationCount"/>
  <testcase name="f" time="0.000" classname="com.youceedu.tools.testng.TestInvocationCount"/>
  <testcase name="f" time="0.000" classname="com.youceedu.tools.testng.TestInvocationCount"/>
  <testcase name="f" time="0.000" classname="com.youceedu.tools.testng.TestInvocationCount"/>
  <testcase name="f" time="0.000" classname="com.youceedu.tools.testng.TestInvocationCount"/>
  <testcase name="f" time="0.001" classname="com.youceedu.tools.testng.TestInvocationCount"/>
  <testcase name="f" time="0.002" classname="com.youceedu.tools.testng.TestInvocationCount"/>
  <testcase name="f" time="0.000" classname="com.youceedu.tools.testng.TestInvocationCount"/>
  <testcase name="f" time="0.003" classname="com.youceedu.tools.testng.TestInvocationCount"/>
  <testcase name="f" time="0.000" classname="com.youceedu.tools.testng.TestInvocationCount"/>
  <testcase name="f" time="0.000" classname="com.youceedu.tools.testng.TestInvocationCount"/>
  <testcase name="f" time="0.002" classname="com.youceedu.tools.testng.TestInvocationCount"/>
  <testcase name="f" time="0.000" classname="com.youceedu.tools.testng.TestInvocationCount"/>
  <testcase name="f" time="0.000" classname="com.youceedu.tools.testng.TestInvocationCount"/>
  <testcase name="f" time="0.000" classname="com.youceedu.tools.testng.TestInvocationCount"/>
  <testcase name="f" time="0.000" classname="com.youceedu.tools.testng.TestInvocationCount"/>
  <testcase name="f" time="0.000" classname="com.youceedu.tools.testng.TestInvocationCount"/>
  <testcase name="f" time="0.002" classname="com.youceedu.tools.testng.TestInvocationCount"/>
  <testcase name="f" time="0.000" classname="com.youceedu.tools.testng.TestInvocationCount"/>
  <testcase name="f" time="0.000" classname="com.youceedu.tools.testng.TestInvocationCount"/>
  <testcase name="f" time="0.000" classname="com.youceedu.tools.testng.TestInvocationCount"/>
  <testcase name="f" time="0.001" classname="com.youceedu.tools.testng.TestInvocationCount"/>
  <testcase name="f" time="0.001" classname="com.youceedu.tools.testng.TestInvocationCount"/>
  <testcase name="f" time="0.000" classname="com.youceedu.tools.testng.TestInvocationCount"/>
  <testcase name="f" time="0.000" classname="com.youceedu.tools.testng.TestInvocationCount"/>
  <testcase name="f" time="0.001" classname="com.youceedu.tools.testng.TestInvocationCount"/>
  <testcase name="f" time="0.001" classname="com.youceedu.tools.testng.TestInvocationCount"/>
  <testcase name="f" time="0.000" classname="com.youceedu.tools.testng.TestInvocationCount"/>
  <testcase name="f" time="0.000" classname="com.youceedu.tools.testng.TestInvocationCount"/>
  <testcase name="f" time="0.000" classname="com.youceedu.tools.testng.TestInvocationCount"/>
  <testcase name="f" time="0.000" classname="com.youceedu.tools.testng.TestInvocationCount"/>
  <testcase name="f" time="0.000" classname="com.youceedu.tools.testng.TestInvocationCount"/>
  <testcase name="f" time="0.000" classname="com.youceedu.tools.testng.TestInvocationCount"/>
  <testcase name="f" time="0.001" classname="com.youceedu.tools.testng.TestInvocationCount"/>
  <testcase name="f" time="0.000" classname="com.youceedu.tools.testng.TestInvocationCount"/>
  <testcase name="f" time="0.001" classname="com.youceedu.tools.testng.TestInvocationCount"/>
  <testcase name="f" time="0.000" classname="com.youceedu.tools.testng.TestInvocationCount"/>
  <testcase name="f" time="0.001" classname="com.youceedu.tools.testng.TestInvocationCount"/>
  <testcase name="f" time="0.001" classname="com.youceedu.tools.testng.TestInvocationCount"/>
  <testcase name="f" time="0.000" classname="com.youceedu.tools.testng.TestInvocationCount"/>
  <testcase name="f" time="0.000" classname="com.youceedu.tools.testng.TestInvocationCount"/>
  <testcase name="f" time="0.000" classname="com.youceedu.tools.testng.TestInvocationCount"/>
  <testcase name="f" time="0.000" classname="com.youceedu.tools.testng.TestInvocationCount"/>
  <testcase name="f" time="0.000" classname="com.youceedu.tools.testng.TestInvocationCount"/>
  <testcase name="f" time="0.000" classname="com.youceedu.tools.testng.TestInvocationCount"/>
  <testcase name="f" time="0.000" classname="com.youceedu.tools.testng.TestInvocationCount"/>
  <testcase name="f" time="0.000" classname="com.youceedu.tools.testng.TestInvocationCount"/>
  <testcase name="f" time="0.000" classname="com.youceedu.tools.testng.TestInvocationCount"/>
  <testcase name="f" time="0.001" classname="com.youceedu.tools.testng.TestInvocationCount"/>
  <testcase name="f" time="0.001" classname="com.youceedu.tools.testng.TestInvocationCount"/>
  <testcase name="f" time="0.000" classname="com.youceedu.tools.testng.TestInvocationCount"/>
  <testcase name="f" time="0.000" classname="com.youceedu.tools.testng.TestInvocationCount"/>
  <testcase name="f" time="0.000" classname="com.youceedu.tools.testng.TestInvocationCount"/>
  <testcase name="f" time="0.005" classname="com.youceedu.tools.testng.TestInvocationCount"/>
  <testcase name="f" time="0.001" classname="com.youceedu.tools.testng.TestInvocationCount"/>
  <testcase name="f" time="0.000" classname="com.youceedu.tools.testng.TestInvocationCount"/>
  <testcase name="f" time="0.000" classname="com.youceedu.tools.testng.TestInvocationCount"/>
  <testcase name="f" time="0.000" classname="com.youceedu.tools.testng.TestInvocationCount"/>
  <testcase name="f" time="0.000" classname="com.youceedu.tools.testng.TestInvocationCount"/>
  <testcase name="f" time="0.000" classname="com.youceedu.tools.testng.TestInvocationCount"/>
  <testcase name="f" time="0.000" classname="com.youceedu.tools.testng.TestInvocationCount"/>
  <testcase name="f" time="0.000" classname="com.youceedu.tools.testng.TestInvocationCount"/>
  <testcase name="f" time="0.000" classname="com.youceedu.tools.testng.TestInvocationCount"/>
  <testcase name="f" time="0.000" classname="com.youceedu.tools.testng.TestInvocationCount"/>
  <testcase name="f" time="0.000" classname="com.youceedu.tools.testng.TestInvocationCount"/>
  <testcase name="f" time="0.000" classname="com.youceedu.tools.testng.TestInvocationCount"/>
  <testcase name="f" time="0.000" classname="com.youceedu.tools.testng.TestInvocationCount"/>
  <testcase name="f" time="0.001" classname="com.youceedu.tools.testng.TestInvocationCount"/>
  <testcase name="f" time="0.001" classname="com.youceedu.tools.testng.TestInvocationCount"/>
  <testcase name="f" time="0.000" classname="com.youceedu.tools.testng.TestInvocationCount"/>
  <testcase name="f" time="0.000" classname="com.youceedu.tools.testng.TestInvocationCount"/>
  <testcase name="f" time="0.001" classname="com.youceedu.tools.testng.TestInvocationCount"/>
  <testcase name="f" time="0.001" classname="com.youceedu.tools.testng.TestInvocationCount"/>
  <testcase name="f" time="0.000" classname="com.youceedu.tools.testng.TestInvocationCount"/>
  <testcase name="f" time="0.000" classname="com.youceedu.tools.testng.TestInvocationCount"/>
  <testcase name="f" time="0.000" classname="com.youceedu.tools.testng.TestInvocationCount"/>
  <testcase name="f" time="0.000" classname="com.youceedu.tools.testng.TestInvocationCount"/>
  <testcase name="f" time="0.000" classname="com.youceedu.tools.testng.TestInvocationCount"/>
  <testcase name="f" time="0.001" classname="com.youceedu.tools.testng.TestInvocationCount"/>
  <testcase name="f" time="0.000" classname="com.youceedu.tools.testng.TestInvocationCount"/>
  <testcase name="f" time="0.001" classname="com.youceedu.tools.testng.TestInvocationCount"/>
  <testcase name="f" time="0.000" classname="com.youceedu.tools.testng.TestInvocationCount"/>
  <testcase name="f" time="0.000" classname="com.youceedu.tools.testng.TestInvocationCount"/>
  <testcase name="f" time="0.000" classname="com.youceedu.tools.testng.TestInvocationCount"/>
  <testcase name="f" time="0.007" classname="com.youceedu.tools.testng.TestInvocationCount"/>
  <testcase name="f" time="0.000" classname="com.youceedu.tools.testng.TestInvocationCount"/>
  <testcase name="f" time="0.000" classname="com.youceedu.tools.testng.TestInvocationCount"/>
  <testcase name="f" time="0.000" classname="com.youceedu.tools.testng.TestInvocationCount"/>
  <testcase name="f" time="0.000" classname="com.youceedu.tools.testng.TestInvocationCount"/>
  <testcase name="f" time="0.000" classname="com.youceedu.tools.testng.TestInvocationCount"/>
  <testcase name="f" time="0.000" classname="com.youceedu.tools.testng.TestInvocationCount"/>
  <testcase name="f" time="0.000" classname="com.youceedu.tools.testng.TestInvocationCount"/>
  <testcase name="f" time="0.001" classname="com.youceedu.tools.testng.TestInvocationCount"/>
  <testcase name="f" time="0.000" classname="com.youceedu.tools.testng.TestInvocationCount"/>
  <testcase name="f" time="0.000" classname="com.youceedu.tools.testng.TestInvocationCount"/>
  <testcase name="f" time="0.001" classname="com.youceedu.tools.testng.TestInvocationCount"/>
  <testcase name="f" time="0.000" classname="com.youceedu.tools.testng.TestInvocationCount"/>
  <testcase name="f" time="0.002" classname="com.youceedu.tools.testng.TestInvocationCount"/>
  <testcase name="f" time="0.000" classname="com.youceedu.tools.testng.TestInvocationCount"/>
  <testcase name="f" time="0.000" classname="com.youceedu.tools.testng.TestInvocationCount"/>
  <testcase name="f" time="0.000" classname="com.youceedu.tools.testng.TestInvocationCount"/>
  <testcase name="f" time="0.000" classname="com.youceedu.tools.testng.TestInvocationCount"/>
  <testcase name="f" time="0.000" classname="com.youceedu.tools.testng.TestInvocationCount"/>
  <testcase name="f" time="0.000" classname="com.youceedu.tools.testng.TestInvocationCount"/>
  <testcase name="f" time="0.001" classname="com.youceedu.tools.testng.TestInvocationCount"/>
  <testcase name="f" time="0.000" classname="com.youceedu.tools.testng.TestInvocationCount"/>
  <testcase name="f" time="0.000" classname="com.youceedu.tools.testng.TestInvocationCount"/>
  <testcase name="f" time="0.000" classname="com.youceedu.tools.testng.TestInvocationCount"/>
  <testcase name="f" time="0.001" classname="com.youceedu.tools.testng.TestInvocationCount"/>
  <testcase name="f" time="0.000" classname="com.youceedu.tools.testng.TestInvocationCount"/>
  <testcase name="f" time="0.002" classname="com.youceedu.tools.testng.TestInvocationCount"/>
  <testcase name="f" time="0.000" classname="com.youceedu.tools.testng.TestInvocationCount"/>
  <testcase name="f" time="0.000" classname="com.youceedu.tools.testng.TestInvocationCount"/>
  <testcase name="f" time="0.001" classname="com.youceedu.tools.testng.TestInvocationCount"/>
  <testcase name="f" time="0.000" classname="com.youceedu.tools.testng.TestInvocationCount"/>
  <testcase name="f" time="0.000" classname="com.youceedu.tools.testng.TestInvocationCount"/>
  <testcase name="f" time="0.000" classname="com.youceedu.tools.testng.TestInvocationCount"/>
  <testcase name="f" time="0.001" classname="com.youceedu.tools.testng.TestInvocationCount"/>
  <testcase name="f" time="0.001" classname="com.youceedu.tools.testng.TestInvocationCount"/>
  <testcase name="f" time="0.000" classname="com.youceedu.tools.testng.TestInvocationCount"/>
  <testcase name="f" time="0.000" classname="com.youceedu.tools.testng.TestInvocationCount"/>
  <testcase name="f" time="0.000" classname="com.youceedu.tools.testng.TestInvocationCount"/>
  <testcase name="f" time="0.001" classname="com.youceedu.tools.testng.TestInvocationCount"/>
  <testcase name="f" time="0.000" classname="com.youceedu.tools.testng.TestInvocationCount"/>
  <testcase name="f" time="0.000" classname="com.youceedu.tools.testng.TestInvocationCount"/>
  <testcase name="f" time="0.001" classname="com.youceedu.tools.testng.TestInvocationCount"/>
  <testcase name="f" time="0.001" classname="com.youceedu.tools.testng.TestInvocationCount"/>
  <testcase name="f" time="0.000" classname="com.youceedu.tools.testng.TestInvocationCount"/>
  <testcase name="f" time="0.001" classname="com.youceedu.tools.testng.TestInvocationCount"/>
  <testcase name="f" time="0.000" classname="com.youceedu.tools.testng.TestInvocationCount"/>
  <testcase name="f" time="0.000" classname="com.youceedu.tools.testng.TestInvocationCount"/>
  <testcase name="f" time="0.000" classname="com.youceedu.tools.testng.TestInvocationCount"/>
  <testcase name="f" time="0.000" classname="com.youceedu.tools.testng.TestInvocationCount"/>
  <testcase name="f" time="0.002" classname="com.youceedu.tools.testng.TestInvocationCount"/>
  <testcase name="f" time="0.001" classname="com.youceedu.tools.testng.TestInvocationCount"/>
  <testcase name="f" time="0.000" classname="com.youceedu.tools.testng.TestInvocationCount"/>
  <testcase name="f" time="0.000" classname="com.youceedu.tools.testng.TestInvocationCount"/>
  <testcase name="f" time="0.000" classname="com.youceedu.tools.testng.TestInvocationCount"/>
  <testcase name="f" time="0.000" classname="com.youceedu.tools.testng.TestInvocationCount"/>
  <testcase name="f" time="0.001" classname="com.youceedu.tools.testng.TestInvocationCount"/>
  <testcase name="f" time="0.000" classname="com.youceedu.tools.testng.TestInvocationCount"/>
  <testcase name="f" time="0.001" classname="com.youceedu.tools.testng.TestInvocationCount"/>
  <testcase name="f" time="0.000" classname="com.youceedu.tools.testng.TestInvocationCount"/>
  <testcase name="f" time="0.000" classname="com.youceedu.tools.testng.TestInvocationCount"/>
  <testcase name="f" time="0.000" classname="com.youceedu.tools.testng.TestInvocationCount"/>
  <testcase name="f" time="0.000" classname="com.youceedu.tools.testng.TestInvocationCount"/>
  <testcase name="f" time="0.000" classname="com.youceedu.tools.testng.TestInvocationCount"/>
  <testcase name="f" time="0.000" classname="com.youceedu.tools.testng.TestInvocationCount"/>
  <testcase name="f" time="0.000" classname="com.youceedu.tools.testng.TestInvocationCount"/>
  <testcase name="f" time="0.000" classname="com.youceedu.tools.testng.TestInvocationCount"/>
  <testcase name="f" time="0.002" classname="com.youceedu.tools.testng.TestInvocationCount"/>
  <testcase name="f" time="0.001" classname="com.youceedu.tools.testng.TestInvocationCount"/>
  <testcase name="f" time="0.000" classname="com.youceedu.tools.testng.TestInvocationCount"/>
  <testcase name="f" time="0.005" classname="com.youceedu.tools.testng.TestInvocationCount"/>
  <testcase name="f" time="0.000" classname="com.youceedu.tools.testng.TestInvocationCount"/>
  <testcase name="f" time="0.000" classname="com.youceedu.tools.testng.TestInvocationCount"/>
  <testcase name="f" time="0.000" classname="com.youceedu.tools.testng.TestInvocationCount"/>
  <testcase name="f" time="0.001" classname="com.youceedu.tools.testng.TestInvocationCount"/>
  <testcase name="f" time="0.003" classname="com.youceedu.tools.testng.TestInvocationCount"/>
  <testcase name="f" time="0.000" classname="com.youceedu.tools.testng.TestInvocationCount"/>
  <testcase name="f" time="0.000" classname="com.youceedu.tools.testng.TestInvocationCount"/>
  <testcase name="f" time="0.001" classname="com.youceedu.tools.testng.TestInvocationCount"/>
  <testcase name="f" time="0.000" classname="com.youceedu.tools.testng.TestInvocationCount"/>
  <testcase name="f" time="0.000" classname="com.youceedu.tools.testng.TestInvocationCount"/>
  <testcase name="f" time="0.000" classname="com.youceedu.tools.testng.TestInvocationCount"/>
  <testcase name="f" time="0.000" classname="com.youceedu.tools.testng.TestInvocationCount"/>
  <testcase name="f" time="0.008" classname="com.youceedu.tools.testng.TestInvocationCount"/>
  <testcase name="f" time="0.001" classname="com.youceedu.tools.testng.TestInvocationCount"/>
  <testcase name="f" time="0.000" classname="com.youceedu.tools.testng.TestInvocationCount"/>
  <testcase name="f" time="0.000" classname="com.youceedu.tools.testng.TestInvocationCount"/>
  <testcase name="f" time="0.000" classname="com.youceedu.tools.testng.TestInvocationCount"/>
  <testcase name="f" time="0.000" classname="com.youceedu.tools.testng.TestInvocationCount"/>
  <testcase name="f" time="0.000" classname="com.youceedu.tools.testng.TestInvocationCount"/>
  <testcase name="f" time="0.000" classname="com.youceedu.tools.testng.TestInvocationCount"/>
  <testcase name="f" time="0.001" classname="com.youceedu.tools.testng.TestInvocationCount"/>
  <testcase name="f" time="0.000" classname="com.youceedu.tools.testng.TestInvocationCount"/>
  <testcase name="f" time="0.001" classname="com.youceedu.tools.testng.TestInvocationCount"/>
  <testcase name="f" time="0.000" classname="com.youceedu.tools.testng.TestInvocationCount"/>
  <testcase name="f" time="0.000" classname="com.youceedu.tools.testng.TestInvocationCount"/>
  <testcase name="f" time="0.000" classname="com.youceedu.tools.testng.TestInvocationCount"/>
  <testcase name="f" time="0.000" classname="com.youceedu.tools.testng.TestInvocationCount"/>
  <testcase name="f" time="0.001" classname="com.youceedu.tools.testng.TestInvocationCount"/>
  <testcase name="f" time="0.000" classname="com.youceedu.tools.testng.TestInvocationCount"/>
  <testcase name="f" time="0.001" classname="com.youceedu.tools.testng.TestInvocationCount"/>
  <testcase name="f" time="0.000" classname="com.youceedu.tools.testng.TestInvocationCount"/>
  <testcase name="f" time="0.000" classname="com.youceedu.tools.testng.TestInvocationCount"/>
  <testcase name="f" time="0.000" classname="com.youceedu.tools.testng.TestInvocationCount"/>
  <testcase name="f" time="0.001" classname="com.youceedu.tools.testng.TestInvocationCount"/>
  <testcase name="f" time="0.000" classname="com.youceedu.tools.testng.TestInvocationCount"/>
  <testcase name="f" time="0.000" classname="com.youceedu.tools.testng.TestInvocationCount"/>
  <testcase name="f" time="0.000" classname="com.youceedu.tools.testng.TestInvocationCount"/>
  <testcase name="f" time="0.000" classname="com.youceedu.tools.testng.TestInvocationCount"/>
  <testcase name="f" time="0.000" classname="com.youceedu.tools.testng.TestInvocationCount"/>
  <testcase name="f" time="0.000" classname="com.youceedu.tools.testng.TestInvocationCount"/>
  <testcase name="f" time="0.000" classname="com.youceedu.tools.testng.TestInvocationCount"/>
  <testcase name="f" time="0.001" classname="com.youceedu.tools.testng.TestInvocationCount"/>
  <testcase name="f" time="0.001" classname="com.youceedu.tools.testng.TestInvocationCount"/>
  <testcase name="f" time="0.004" classname="com.youceedu.tools.testng.TestInvocationCount"/>
  <testcase name="f" time="0.000" classname="com.youceedu.tools.testng.TestInvocationCount"/>
  <testcase name="f" time="0.000" classname="com.youceedu.tools.testng.TestInvocationCount"/>
  <testcase name="f" time="0.000" classname="com.youceedu.tools.testng.TestInvocationCount"/>
  <testcase name="f" time="0.000" classname="com.youceedu.tools.testng.TestInvocationCount"/>
  <testcase name="f" time="0.001" classname="com.youceedu.tools.testng.TestInvocationCount"/>
  <testcase name="f" time="0.001" classname="com.youceedu.tools.testng.TestInvocationCount"/>
  <testcase name="f" time="0.000" classname="com.youceedu.tools.testng.TestInvocationCount"/>
  <testcase name="f" time="0.000" classname="com.youceedu.tools.testng.TestInvocationCount"/>
  <testcase name="f" time="0.000" classname="com.youceedu.tools.testng.TestInvocationCount"/>
  <testcase name="f" time="0.000" classname="com.youceedu.tools.testng.TestInvocationCount"/>
  <testcase name="f" time="0.002" classname="com.youceedu.tools.testng.TestInvocationCount"/>
  <testcase name="f" time="0.000" classname="com.youceedu.tools.testng.TestInvocationCount"/>
  <testcase name="f" time="0.001" classname="com.youceedu.tools.testng.TestInvocationCount"/>
  <testcase name="f" time="0.001" classname="com.youceedu.tools.testng.TestInvocationCount"/>
  <testcase name="f" time="0.000" classname="com.youceedu.tools.testng.TestInvocationCount"/>
  <testcase name="f" time="0.000" classname="com.youceedu.tools.testng.TestInvocationCount"/>
  <testcase name="f" time="0.000" classname="com.youceedu.tools.testng.TestInvocationCount"/>
  <testcase name="f" time="0.000" classname="com.youceedu.tools.testng.TestInvocationCount"/>
  <testcase name="f" time="0.000" classname="com.youceedu.tools.testng.TestInvocationCount"/>
  <testcase name="f" time="0.001" classname="com.youceedu.tools.testng.TestInvocationCount"/>
  <testcase name="f" time="0.000" classname="com.youceedu.tools.testng.TestInvocationCount"/>
  <testcase name="f" time="0.000" classname="com.youceedu.tools.testng.TestInvocationCount"/>
  <testcase name="f" time="0.001" classname="com.youceedu.tools.testng.TestInvocationCount"/>
  <testcase name="f" time="0.000" classname="com.youceedu.tools.testng.TestInvocationCount"/>
  <testcase name="f" time="0.000" classname="com.youceedu.tools.testng.TestInvocationCount"/>
  <testcase name="f" time="0.002" classname="com.youceedu.tools.testng.TestInvocationCount"/>
  <testcase name="f" time="0.000" classname="com.youceedu.tools.testng.TestInvocationCount"/>
  <testcase name="f" time="0.000" classname="com.youceedu.tools.testng.TestInvocationCount"/>
  <testcase name="f" time="0.000" classname="com.youceedu.tools.testng.TestInvocationCount"/>
  <testcase name="f" time="0.000" classname="com.youceedu.tools.testng.TestInvocationCount"/>
  <testcase name="f" time="0.000" classname="com.youceedu.tools.testng.TestInvocationCount"/>
  <testcase name="f" time="0.001" classname="com.youceedu.tools.testng.TestInvocationCount"/>
  <testcase name="f" time="0.000" classname="com.youceedu.tools.testng.TestInvocationCount"/>
  <testcase name="f" time="0.001" classname="com.youceedu.tools.testng.TestInvocationCount"/>
  <testcase name="f" time="0.000" classname="com.youceedu.tools.testng.TestInvocationCount"/>
  <testcase name="f" time="0.000" classname="com.youceedu.tools.testng.TestInvocationCount"/>
  <testcase name="f" time="0.000" classname="com.youceedu.tools.testng.TestInvocationCount"/>
  <testcase name="f" time="0.001" classname="com.youceedu.tools.testng.TestInvocationCount"/>
  <testcase name="f" time="0.002" classname="com.youceedu.tools.testng.TestInvocationCount"/>
  <testcase name="f" time="0.005" classname="com.youceedu.tools.testng.TestInvocationCount"/>
  <testcase name="f" time="0.000" classname="com.youceedu.tools.testng.TestInvocationCount"/>
  <testcase name="f" time="0.003" classname="com.youceedu.tools.testng.TestInvocationCount"/>
  <testcase name="f" time="0.000" classname="com.youceedu.tools.testng.TestInvocationCount"/>
  <testcase name="f" time="0.000" classname="com.youceedu.tools.testng.TestInvocationCount"/>
  <testcase name="f" time="0.000" classname="com.youceedu.tools.testng.TestInvocationCount"/>
  <testcase name="f" time="0.000" classname="com.youceedu.tools.testng.TestInvocationCount"/>
  <testcase name="f" time="0.002" classname="com.youceedu.tools.testng.TestInvocationCount"/>
  <testcase name="f" time="0.001" classname="com.youceedu.tools.testng.TestInvocationCount"/>
  <testcase name="f" time="0.000" classname="com.youceedu.tools.testng.TestInvocationCount"/>
  <testcase name="f" time="0.000" classname="com.youceedu.tools.testng.TestInvocationCount"/>
  <testcase name="f" time="0.000" classname="com.youceedu.tools.testng.TestInvocationCount"/>
  <testcase name="f" time="0.021" classname="com.youceedu.tools.testng.TestInvocationCount"/>
  <testcase name="f" time="0.000" classname="com.youceedu.tools.testng.TestInvocationCount"/>
  <testcase name="f" time="0.000" classname="com.youceedu.tools.testng.TestInvocationCount"/>
  <testcase name="f" time="0.001" classname="com.youceedu.tools.testng.TestInvocationCount"/>
  <testcase name="f" time="0.000" classname="com.youceedu.tools.testng.TestInvocationCount"/>
  <testcase name="f" time="0.001" classname="com.youceedu.tools.testng.TestInvocationCount"/>
  <testcase name="f" time="0.000" classname="com.youceedu.tools.testng.TestInvocationCount"/>
  <testcase name="f" time="0.002" classname="com.youceedu.tools.testng.TestInvocationCount"/>
  <testcase name="f" time="0.001" classname="com.youceedu.tools.testng.TestInvocationCount"/>
  <testcase name="f" time="0.001" classname="com.youceedu.tools.testng.TestInvocationCount"/>
  <testcase name="f" time="0.001" classname="com.youceedu.tools.testng.TestInvocationCount"/>
  <testcase name="f" time="0.000" classname="com.youceedu.tools.testng.TestInvocationCount"/>
  <testcase name="f" time="0.000" classname="com.youceedu.tools.testng.TestInvocationCount"/>
  <testcase name="f" time="0.004" classname="com.youceedu.tools.testng.TestInvocationCount"/>
  <testcase name="f" time="0.000" classname="com.youceedu.tools.testng.TestInvocationCount"/>
  <testcase name="f" time="0.000" classname="com.youceedu.tools.testng.TestInvocationCount"/>
  <testcase name="f" time="0.000" classname="com.youceedu.tools.testng.TestInvocationCount"/>
  <testcase name="f" time="0.000" classname="com.youceedu.tools.testng.TestInvocationCount"/>
  <testcase name="f" time="0.022" classname="com.youceedu.tools.testng.TestInvocationCount"/>
  <testcase name="f" time="0.000" classname="com.youceedu.tools.testng.TestInvocationCount"/>
  <testcase name="f" time="0.000" classname="com.youceedu.tools.testng.TestInvocationCount"/>
  <testcase name="f" time="0.000" classname="com.youceedu.tools.testng.TestInvocationCount"/>
  <testcase name="f" time="0.000" classname="com.youceedu.tools.testng.TestInvocationCount"/>
  <testcase name="f" time="0.001" classname="com.youceedu.tools.testng.TestInvocationCount"/>
  <testcase name="f" time="0.004" classname="com.youceedu.tools.testng.TestInvocationCount"/>
  <testcase name="f" time="0.000" classname="com.youceedu.tools.testng.TestInvocationCount"/>
  <testcase name="f" time="0.000" classname="com.youceedu.tools.testng.TestInvocationCount"/>
  <testcase name="f" time="0.000" classname="com.youceedu.tools.testng.TestInvocationCount"/>
  <testcase name="f" time="0.000" classname="com.youceedu.tools.testng.TestInvocationCount"/>
  <testcase name="f" time="0.001" classname="com.youceedu.tools.testng.TestInvocationCount"/>
  <testcase name="f" time="0.000" classname="com.youceedu.tools.testng.TestInvocationCount"/>
  <testcase name="f" time="0.000" classname="com.youceedu.tools.testng.TestInvocationCount"/>
  <testcase name="f" time="0.000" classname="com.youceedu.tools.testng.TestInvocationCount"/>
  <testcase name="f" time="0.000" classname="com.youceedu.tools.testng.TestInvocationCount"/>
  <testcase name="f" time="0.000" classname="com.youceedu.tools.testng.TestInvocationCount"/>
  <testcase name="f" time="0.000" classname="com.youceedu.tools.testng.TestInvocationCount"/>
  <testcase name="f" time="0.000" classname="com.youceedu.tools.testng.TestInvocationCount"/>
  <testcase name="f" time="0.000" classname="com.youceedu.tools.testng.TestInvocationCount"/>
  <testcase name="f" time="0.001" classname="com.youceedu.tools.testng.TestInvocationCount"/>
  <testcase name="f" time="0.000" classname="com.youceedu.tools.testng.TestInvocationCount"/>
  <testcase name="f" time="0.000" classname="com.youceedu.tools.testng.TestInvocationCount"/>
  <testcase name="f" time="0.000" classname="com.youceedu.tools.testng.TestInvocationCount"/>
  <testcase name="f" time="0.000" classname="com.youceedu.tools.testng.TestInvocationCount"/>
  <testcase name="f" time="0.000" classname="com.youceedu.tools.testng.TestInvocationCount"/>
  <testcase name="f" time="0.000" classname="com.youceedu.tools.testng.TestInvocationCount"/>
  <testcase name="f" time="0.000" classname="com.youceedu.tools.testng.TestInvocationCount"/>
  <testcase name="f" time="0.000" classname="com.youceedu.tools.testng.TestInvocationCount"/>
  <testcase name="f" time="0.002" classname="com.youceedu.tools.testng.TestInvocationCount"/>
  <testcase name="f" time="0.002" classname="com.youceedu.tools.testng.TestInvocationCount"/>
  <testcase name="f" time="0.001" classname="com.youceedu.tools.testng.TestInvocationCount"/>
  <testcase name="f" time="0.000" classname="com.youceedu.tools.testng.TestInvocationCount"/>
  <testcase name="f" time="0.001" classname="com.youceedu.tools.testng.TestInvocationCount"/>
  <testcase name="f" time="0.001" classname="com.youceedu.tools.testng.TestInvocationCount"/>
  <testcase name="f" time="0.002" classname="com.youceedu.tools.testng.TestInvocationCount"/>
  <testcase name="f" time="0.001" classname="com.youceedu.tools.testng.TestInvocationCount"/>
  <testcase name="f" time="0.000" classname="com.youceedu.tools.testng.TestInvocationCount"/>
  <testcase name="f" time="0.001" classname="com.youceedu.tools.testng.TestInvocationCount"/>
  <testcase name="f" time="0.002" classname="com.youceedu.tools.testng.TestInvocationCount"/>
  <testcase name="f" time="0.000" classname="com.youceedu.tools.testng.TestInvocationCount"/>
  <testcase name="f" time="0.001" classname="com.youceedu.tools.testng.TestInvocationCount"/>
  <testcase name="f" time="0.000" classname="com.youceedu.tools.testng.TestInvocationCount"/>
  <testcase name="f" time="0.000" classname="com.youceedu.tools.testng.TestInvocationCount"/>
  <testcase name="f" time="0.000" classname="com.youceedu.tools.testng.TestInvocationCount"/>
  <testcase name="f" time="0.000" classname="com.youceedu.tools.testng.TestInvocationCount"/>
  <testcase name="f" time="0.001" classname="com.youceedu.tools.testng.TestInvocationCount"/>
  <testcase name="f" time="0.000" classname="com.youceedu.tools.testng.TestInvocationCount"/>
  <testcase name="f" time="0.000" classname="com.youceedu.tools.testng.TestInvocationCount"/>
  <testcase name="f" time="0.000" classname="com.youceedu.tools.testng.TestInvocationCount"/>
  <testcase name="f" time="0.000" classname="com.youceedu.tools.testng.TestInvocationCount"/>
  <testcase name="f" time="0.000" classname="com.youceedu.tools.testng.TestInvocationCount"/>
  <testcase name="f" time="0.000" classname="com.youceedu.tools.testng.TestInvocationCount"/>
  <testcase name="f" time="0.000" classname="com.youceedu.tools.testng.TestInvocationCount"/>
  <testcase name="f" time="0.000" classname="com.youceedu.tools.testng.TestInvocationCount"/>
  <testcase name="f" time="0.000" classname="com.youceedu.tools.testng.TestInvocationCount"/>
  <testcase name="f" time="0.000" classname="com.youceedu.tools.testng.TestInvocationCount"/>
  <testcase name="f" time="0.000" classname="com.youceedu.tools.testng.TestInvocationCount"/>
  <testcase name="f" time="0.000" classname="com.youceedu.tools.testng.TestInvocationCount"/>
  <testcase name="f" time="0.002" classname="com.youceedu.tools.testng.TestInvocationCount"/>
  <testcase name="f" time="0.000" classname="com.youceedu.tools.testng.TestInvocationCount"/>
  <testcase name="f" time="0.001" classname="com.youceedu.tools.testng.TestInvocationCount"/>
  <testcase name="f" time="0.001" classname="com.youceedu.tools.testng.TestInvocationCount"/>
  <testcase name="f" time="0.000" classname="com.youceedu.tools.testng.TestInvocationCount"/>
  <testcase name="f" time="0.001" classname="com.youceedu.tools.testng.TestInvocationCount"/>
  <testcase name="f" time="0.000" classname="com.youceedu.tools.testng.TestInvocationCount"/>
  <testcase name="f" time="0.000" classname="com.youceedu.tools.testng.TestInvocationCount"/>
  <testcase name="f" time="0.001" classname="com.youceedu.tools.testng.TestInvocationCount"/>
  <testcase name="f" time="0.000" classname="com.youceedu.tools.testng.TestInvocationCount"/>
  <testcase name="f" time="0.000" classname="com.youceedu.tools.testng.TestInvocationCount"/>
  <testcase name="f" time="0.000" classname="com.youceedu.tools.testng.TestInvocationCount"/>
  <testcase name="f" time="0.000" classname="com.youceedu.tools.testng.TestInvocationCount"/>
  <testcase name="f" time="0.000" classname="com.youceedu.tools.testng.TestInvocationCount"/>
  <testcase name="f" time="0.000" classname="com.youceedu.tools.testng.TestInvocationCount"/>
  <testcase name="f" time="0.000" classname="com.youceedu.tools.testng.TestInvocationCount"/>
  <testcase name="f" time="0.000" classname="com.youceedu.tools.testng.TestInvocationCount"/>
  <testcase name="f" time="0.000" classname="com.youceedu.tools.testng.TestInvocationCount"/>
  <testcase name="f" time="0.000" classname="com.youceedu.tools.testng.TestInvocationCount"/>
  <testcase name="f" time="0.000" classname="com.youceedu.tools.testng.TestInvocationCount"/>
  <testcase name="f" time="0.003" classname="com.youceedu.tools.testng.TestInvocationCount"/>
  <testcase name="f" time="0.004" classname="com.youceedu.tools.testng.TestInvocationCount"/>
  <testcase name="f" time="0.000" classname="com.youceedu.tools.testng.TestInvocationCount"/>
  <testcase name="f" time="0.000" classname="com.youceedu.tools.testng.TestInvocationCount"/>
  <testcase name="f" time="0.000" classname="com.youceedu.tools.testng.TestInvocationCount"/>
  <testcase name="f" time="0.000" classname="com.youceedu.tools.testng.TestInvocationCount"/>
  <testcase name="f" time="0.002" classname="com.youceedu.tools.testng.TestInvocationCount"/>
  <testcase name="f" time="0.002" classname="com.youceedu.tools.testng.TestInvocationCount"/>
  <testcase name="f" time="0.001" classname="com.youceedu.tools.testng.TestInvocationCount"/>
  <testcase name="f" time="0.000" classname="com.youceedu.tools.testng.TestInvocationCount"/>
  <testcase name="f" time="0.001" classname="com.youceedu.tools.testng.TestInvocationCount"/>
  <testcase name="f" time="0.000" classname="com.youceedu.tools.testng.TestInvocationCount"/>
  <testcase name="f" time="0.000" classname="com.youceedu.tools.testng.TestInvocationCount"/>
  <testcase name="f" time="0.000" classname="com.youceedu.tools.testng.TestInvocationCount"/>
  <testcase name="f" time="0.001" classname="com.youceedu.tools.testng.TestInvocationCount"/>
  <testcase name="f" time="0.000" classname="com.youceedu.tools.testng.TestInvocationCount"/>
  <testcase name="f" time="0.000" classname="com.youceedu.tools.testng.TestInvocationCount"/>
  <testcase name="f" time="0.000" classname="com.youceedu.tools.testng.TestInvocationCount"/>
  <testcase name="f" time="0.000" classname="com.youceedu.tools.testng.TestInvocationCount"/>
  <testcase name="f" time="0.001" classname="com.youceedu.tools.testng.TestInvocationCount"/>
  <testcase name="f" time="0.000" classname="com.youceedu.tools.testng.TestInvocationCount"/>
  <testcase name="f" time="0.001" classname="com.youceedu.tools.testng.TestInvocationCount"/>
  <testcase name="f" time="0.000" classname="com.youceedu.tools.testng.TestInvocationCount"/>
  <testcase name="f" time="0.000" classname="com.youceedu.tools.testng.TestInvocationCount"/>
  <testcase name="f" time="0.001" classname="com.youceedu.tools.testng.TestInvocationCount"/>
  <testcase name="f" time="0.000" classname="com.youceedu.tools.testng.TestInvocationCount"/>
  <testcase name="f" time="0.001" classname="com.youceedu.tools.testng.TestInvocationCount"/>
  <testcase name="f" time="0.000" classname="com.youceedu.tools.testng.TestInvocationCount"/>
  <testcase name="f" time="0.000" classname="com.youceedu.tools.testng.TestInvocationCount"/>
  <testcase name="f" time="0.000" classname="com.youceedu.tools.testng.TestInvocationCount"/>
  <testcase name="f" time="0.000" classname="com.youceedu.tools.testng.TestInvocationCount"/>
  <testcase name="f" time="0.000" classname="com.youceedu.tools.testng.TestInvocationCount"/>
  <testcase name="f" time="0.001" classname="com.youceedu.tools.testng.TestInvocationCount"/>
  <testcase name="f" time="0.000" classname="com.youceedu.tools.testng.TestInvocationCount"/>
  <testcase name="f" time="0.000" classname="com.youceedu.tools.testng.TestInvocationCount"/>
  <testcase name="f" time="0.019" classname="com.youceedu.tools.testng.TestInvocationCount"/>
  <testcase name="f" time="0.001" classname="com.youceedu.tools.testng.TestInvocationCount"/>
  <testcase name="f" time="0.000" classname="com.youceedu.tools.testng.TestInvocationCount"/>
  <testcase name="f" time="0.006" classname="com.youceedu.tools.testng.TestInvocationCount"/>
  <testcase name="f" time="0.000" classname="com.youceedu.tools.testng.TestInvocationCount"/>
  <testcase name="f" time="0.000" classname="com.youceedu.tools.testng.TestInvocationCount"/>
  <testcase name="f" time="0.002" classname="com.youceedu.tools.testng.TestInvocationCount"/>
  <testcase name="f" time="0.000" classname="com.youceedu.tools.testng.TestInvocationCount"/>
  <testcase name="f" time="0.000" classname="com.youceedu.tools.testng.TestInvocationCount"/>
  <testcase name="f" time="0.001" classname="com.youceedu.tools.testng.TestInvocationCount"/>
  <testcase name="f" time="0.000" classname="com.youceedu.tools.testng.TestInvocationCount"/>
  <testcase name="f" time="0.000" classname="com.youceedu.tools.testng.TestInvocationCount"/>
  <testcase name="f" time="0.000" classname="com.youceedu.tools.testng.TestInvocationCount"/>
  <testcase name="f" time="0.000" classname="com.youceedu.tools.testng.TestInvocationCount"/>
  <testcase name="f" time="0.001" classname="com.youceedu.tools.testng.TestInvocationCount"/>
  <testcase name="f" time="0.000" classname="com.youceedu.tools.testng.TestInvocationCount"/>
  <testcase name="f" time="0.000" classname="com.youceedu.tools.testng.TestInvocationCount"/>
  <testcase name="f" time="0.000" classname="com.youceedu.tools.testng.TestInvocationCount"/>
  <testcase name="f" time="0.001" classname="com.youceedu.tools.testng.TestInvocationCount"/>
  <testcase name="f" time="0.000" classname="com.youceedu.tools.testng.TestInvocationCount"/>
  <testcase name="f" time="0.002" classname="com.youceedu.tools.testng.TestInvocationCount"/>
  <testcase name="f" time="0.000" classname="com.youceedu.tools.testng.TestInvocationCount"/>
  <testcase name="f" time="0.000" classname="com.youceedu.tools.testng.TestInvocationCount"/>
  <testcase name="f" time="0.000" classname="com.youceedu.tools.testng.TestInvocationCount"/>
  <testcase name="f" time="0.000" classname="com.youceedu.tools.testng.TestInvocationCount"/>
  <testcase name="f" time="0.001" classname="com.youceedu.tools.testng.TestInvocationCount"/>
  <testcase name="f" time="0.000" classname="com.youceedu.tools.testng.TestInvocationCount"/>
  <testcase name="f" time="0.000" classname="com.youceedu.tools.testng.TestInvocationCount"/>
  <testcase name="f" time="0.000" classname="com.youceedu.tools.testng.TestInvocationCount"/>
  <testcase name="f" time="0.000" classname="com.youceedu.tools.testng.TestInvocationCount"/>
  <testcase name="f" time="0.000" classname="com.youceedu.tools.testng.TestInvocationCount"/>
  <testcase name="f" time="0.000" classname="com.youceedu.tools.testng.TestInvocationCount"/>
  <testcase name="f" time="0.001" classname="com.youceedu.tools.testng.TestInvocationCount"/>
  <testcase name="f" time="0.001" classname="com.youceedu.tools.testng.TestInvocationCount"/>
  <testcase name="f" time="0.001" classname="com.youceedu.tools.testng.TestInvocationCount"/>
  <testcase name="f" time="0.000" classname="com.youceedu.tools.testng.TestInvocationCount"/>
  <testcase name="f" time="0.000" classname="com.youceedu.tools.testng.TestInvocationCount"/>
  <testcase name="f" time="0.000" classname="com.youceedu.tools.testng.TestInvocationCount"/>
  <testcase name="f" time="0.003" classname="com.youceedu.tools.testng.TestInvocationCount"/>
  <testcase name="f" time="0.000" classname="com.youceedu.tools.testng.TestInvocationCount"/>
  <testcase name="f" time="0.000" classname="com.youceedu.tools.testng.TestInvocationCount"/>
  <testcase name="f" time="0.000" classname="com.youceedu.tools.testng.TestInvocationCount"/>
  <testcase name="f" time="0.000" classname="com.youceedu.tools.testng.TestInvocationCount"/>
  <testcase name="f" time="0.000" classname="com.youceedu.tools.testng.TestInvocationCount"/>
  <testcase name="f" time="0.001" classname="com.youceedu.tools.testng.TestInvocationCount"/>
  <testcase name="f" time="0.000" classname="com.youceedu.tools.testng.TestInvocationCount"/>
  <testcase name="f" time="0.000" classname="com.youceedu.tools.testng.TestInvocationCount"/>
  <testcase name="f" time="0.000" classname="com.youceedu.tools.testng.TestInvocationCount"/>
  <testcase name="f" time="0.000" classname="com.youceedu.tools.testng.TestInvocationCount"/>
  <testcase name="f" time="0.000" classname="com.youceedu.tools.testng.TestInvocationCount"/>
  <testcase name="f" time="0.000" classname="com.youceedu.tools.testng.TestInvocationCount"/>
  <testcase name="f" time="0.002" classname="com.youceedu.tools.testng.TestInvocationCount"/>
  <testcase name="f" time="0.000" classname="com.youceedu.tools.testng.TestInvocationCount"/>
  <testcase name="f" time="0.000" classname="com.youceedu.tools.testng.TestInvocationCount"/>
  <testcase name="f" time="0.001" classname="com.youceedu.tools.testng.TestInvocationCount"/>
  <testcase name="f" time="0.000" classname="com.youceedu.tools.testng.TestInvocationCount"/>
  <testcase name="f" time="0.001" classname="com.youceedu.tools.testng.TestInvocationCount"/>
  <testcase name="f" time="0.007" classname="com.youceedu.tools.testng.TestInvocationCount"/>
  <testcase name="f" time="0.001" classname="com.youceedu.tools.testng.TestInvocationCount"/>
  <testcase name="f" time="0.000" classname="com.youceedu.tools.testng.TestInvocationCount"/>
  <testcase name="f" time="0.001" classname="com.youceedu.tools.testng.TestInvocationCount"/>
  <testcase name="f" time="0.001" classname="com.youceedu.tools.testng.TestInvocationCount"/>
  <testcase name="f" time="0.001" classname="com.youceedu.tools.testng.TestInvocationCount"/>
  <testcase name="f" time="0.000" classname="com.youceedu.tools.testng.TestInvocationCount"/>
  <testcase name="f" time="0.000" classname="com.youceedu.tools.testng.TestInvocationCount"/>
  <testcase name="f" time="0.000" classname="com.youceedu.tools.testng.TestInvocationCount"/>
  <testcase name="f" time="0.001" classname="com.youceedu.tools.testng.TestInvocationCount"/>
  <testcase name="f" time="0.001" classname="com.youceedu.tools.testng.TestInvocationCount"/>
  <testcase name="f" time="0.001" classname="com.youceedu.tools.testng.TestInvocationCount"/>
  <testcase name="f" time="0.000" classname="com.youceedu.tools.testng.TestInvocationCount"/>
  <testcase name="f" time="0.000" classname="com.youceedu.tools.testng.TestInvocationCount"/>
  <testcase name="f" time="0.000" classname="com.youceedu.tools.testng.TestInvocationCount"/>
  <testcase name="f" time="0.000" classname="com.youceedu.tools.testng.TestInvocationCount"/>
  <testcase name="f" time="0.000" classname="com.youceedu.tools.testng.TestInvocationCount"/>
  <testcase name="f" time="0.000" classname="com.youceedu.tools.testng.TestInvocationCount"/>
  <testcase name="f" time="0.000" classname="com.youceedu.tools.testng.TestInvocationCount"/>
  <testcase name="f" time="0.003" classname="com.youceedu.tools.testng.TestInvocationCount"/>
  <testcase name="f" time="0.000" classname="com.youceedu.tools.testng.TestInvocationCount"/>
  <testcase name="f" time="0.001" classname="com.youceedu.tools.testng.TestInvocationCount"/>
  <testcase name="f" time="0.001" classname="com.youceedu.tools.testng.TestInvocationCount"/>
  <testcase name="f" time="0.000" classname="com.youceedu.tools.testng.TestInvocationCount"/>
  <testcase name="f" time="0.000" classname="com.youceedu.tools.testng.TestInvocationCount"/>
  <testcase name="f" time="0.001" classname="com.youceedu.tools.testng.TestInvocationCount"/>
  <testcase name="f" time="0.000" classname="com.youceedu.tools.testng.TestInvocationCount"/>
  <testcase name="f" time="0.001" classname="com.youceedu.tools.testng.TestInvocationCount"/>
  <testcase name="f" time="0.000" classname="com.youceedu.tools.testng.TestInvocationCount"/>
  <testcase name="f" time="0.000" classname="com.youceedu.tools.testng.TestInvocationCount"/>
  <testcase name="f" time="0.000" classname="com.youceedu.tools.testng.TestInvocationCount"/>
  <testcase name="f" time="0.001" classname="com.youceedu.tools.testng.TestInvocationCount"/>
  <testcase name="f" time="0.000" classname="com.youceedu.tools.testng.TestInvocationCount"/>
  <testcase name="f" time="0.000" classname="com.youceedu.tools.testng.TestInvocationCount"/>
  <testcase name="f" time="0.000" classname="com.youceedu.tools.testng.TestInvocationCount"/>
  <testcase name="f" time="0.000" classname="com.youceedu.tools.testng.TestInvocationCount"/>
  <testcase name="f" time="0.000" classname="com.youceedu.tools.testng.TestInvocationCount"/>
  <testcase name="f" time="0.000" classname="com.youceedu.tools.testng.TestInvocationCount"/>
  <testcase name="f" time="0.001" classname="com.youceedu.tools.testng.TestInvocationCount"/>
  <testcase name="f" time="0.000" classname="com.youceedu.tools.testng.TestInvocationCount"/>
  <testcase name="f" time="0.000" classname="com.youceedu.tools.testng.TestInvocationCount"/>
  <testcase name="f" time="0.000" classname="com.youceedu.tools.testng.TestInvocationCount"/>
  <testcase name="f" time="0.001" classname="com.youceedu.tools.testng.TestInvocationCount"/>
  <testcase name="f" time="0.000" classname="com.youceedu.tools.testng.TestInvocationCount"/>
  <testcase name="f" time="0.000" classname="com.youceedu.tools.testng.TestInvocationCount"/>
  <testcase name="f" time="0.000" classname="com.youceedu.tools.testng.TestInvocationCount"/>
  <testcase name="f" time="0.000" classname="com.youceedu.tools.testng.TestInvocationCount"/>
  <testcase name="f" time="0.003" classname="com.youceedu.tools.testng.TestInvocationCount"/>
  <testcase name="f" time="0.000" classname="com.youceedu.tools.testng.TestInvocationCount"/>
  <testcase name="f" time="0.000" classname="com.youceedu.tools.testng.TestInvocationCount"/>
  <testcase name="f" time="0.000" classname="com.youceedu.tools.testng.TestInvocationCount"/>
  <testcase name="f" time="0.000" classname="com.youceedu.tools.testng.TestInvocationCount"/>
  <testcase name="f" time="0.000" classname="com.youceedu.tools.testng.TestInvocationCount"/>
  <testcase name="f" time="0.000" classname="com.youceedu.tools.testng.TestInvocationCount"/>
  <testcase name="f" time="0.000" classname="com.youceedu.tools.testng.TestInvocationCount"/>
  <testcase name="f" time="0.000" classname="com.youceedu.tools.testng.TestInvocationCount"/>
  <testcase name="f" time="0.001" classname="com.youceedu.tools.testng.TestInvocationCount"/>
  <testcase name="f" time="0.000" classname="com.youceedu.tools.testng.TestInvocationCount"/>
  <testcase name="f" time="0.003" classname="com.youceedu.tools.testng.TestInvocationCount"/>
  <testcase name="f" time="0.001" classname="com.youceedu.tools.testng.TestInvocationCount"/>
  <testcase name="f" time="0.000" classname="com.youceedu.tools.testng.TestInvocationCount"/>
  <testcase name="f" time="0.000" classname="com.youceedu.tools.testng.TestInvocationCount"/>
  <testcase name="f" time="0.000" classname="com.youceedu.tools.testng.TestInvocationCount"/>
  <testcase name="f" time="0.004" classname="com.youceedu.tools.testng.TestInvocationCount"/>
  <testcase name="f" time="0.001" classname="com.youceedu.tools.testng.TestInvocationCount"/>
  <testcase name="f" time="0.000" classname="com.youceedu.tools.testng.TestInvocationCount"/>
  <testcase name="f" time="0.000" classname="com.youceedu.tools.testng.TestInvocationCount"/>
  <testcase name="f" time="0.001" classname="com.youceedu.tools.testng.TestInvocationCount"/>
  <testcase name="f" time="0.000" classname="com.youceedu.tools.testng.TestInvocationCount"/>
  <testcase name="f" time="0.000" classname="com.youceedu.tools.testng.TestInvocationCount"/>
  <testcase name="f" time="0.001" classname="com.youceedu.tools.testng.TestInvocationCount"/>
  <testcase name="f" time="0.000" classname="com.youceedu.tools.testng.TestInvocationCount"/>
  <testcase name="f" time="0.000" classname="com.youceedu.tools.testng.TestInvocationCount"/>
  <testcase name="f" time="0.000" classname="com.youceedu.tools.testng.TestInvocationCount"/>
  <testcase name="f" time="0.000" classname="com.youceedu.tools.testng.TestInvocationCount"/>
  <testcase name="f" time="0.001" classname="com.youceedu.tools.testng.TestInvocationCount"/>
  <testcase name="f" time="0.001" classname="com.youceedu.tools.testng.TestInvocationCount"/>
  <testcase name="f" time="0.001" classname="com.youceedu.tools.testng.TestInvocationCount"/>
  <testcase name="f" time="0.000" classname="com.youceedu.tools.testng.TestInvocationCount"/>
  <testcase name="f" time="0.000" classname="com.youceedu.tools.testng.TestInvocationCount"/>
  <testcase name="f" time="0.000" classname="com.youceedu.tools.testng.TestInvocationCount"/>
  <testcase name="f" time="0.001" classname="com.youceedu.tools.testng.TestInvocationCount"/>
  <testcase name="f" time="0.000" classname="com.youceedu.tools.testng.TestInvocationCount"/>
  <testcase name="f" time="0.000" classname="com.youceedu.tools.testng.TestInvocationCount"/>
  <testcase name="f" time="0.001" classname="com.youceedu.tools.testng.TestInvocationCount"/>
  <testcase name="f" time="0.000" classname="com.youceedu.tools.testng.TestInvocationCount"/>
  <testcase name="f" time="0.000" classname="com.youceedu.tools.testng.TestInvocationCount"/>
  <testcase name="f" time="0.000" classname="com.youceedu.tools.testng.TestInvocationCount"/>
  <testcase name="f" time="0.000" classname="com.youceedu.tools.testng.TestInvocationCount"/>
  <testcase name="f" time="0.001" classname="com.youceedu.tools.testng.TestInvocationCount"/>
  <testcase name="f" time="0.000" classname="com.youceedu.tools.testng.TestInvocationCount"/>
  <testcase name="f" time="0.001" classname="com.youceedu.tools.testng.TestInvocationCount"/>
  <testcase name="f" time="0.000" classname="com.youceedu.tools.testng.TestInvocationCount"/>
  <testcase name="f" time="0.000" classname="com.youceedu.tools.testng.TestInvocationCount"/>
  <testcase name="f" time="0.001" classname="com.youceedu.tools.testng.TestInvocationCount"/>
  <testcase name="f" time="0.000" classname="com.youceedu.tools.testng.TestInvocationCount"/>
  <testcase name="f" time="0.000" classname="com.youceedu.tools.testng.TestInvocationCount"/>
  <testcase name="f" time="0.002" classname="com.youceedu.tools.testng.TestInvocationCount"/>
  <testcase name="f" time="0.001" classname="com.youceedu.tools.testng.TestInvocationCount"/>
  <testcase name="f" time="0.000" classname="com.youceedu.tools.testng.TestInvocationCount"/>
  <testcase name="f" time="0.000" classname="com.youceedu.tools.testng.TestInvocationCount"/>
  <testcase name="f" time="0.000" classname="com.youceedu.tools.testng.TestInvocationCount"/>
  <testcase name="f" time="0.003" classname="com.youceedu.tools.testng.TestInvocationCount"/>
  <testcase name="f" time="0.000" classname="com.youceedu.tools.testng.TestInvocationCount"/>
  <testcase name="f" time="0.001" classname="com.youceedu.tools.testng.TestInvocationCount"/>
  <testcase name="f" time="0.000" classname="com.youceedu.tools.testng.TestInvocationCount"/>
  <testcase name="f" time="0.000" classname="com.youceedu.tools.testng.TestInvocationCount"/>
  <testcase name="f" time="0.000" classname="com.youceedu.tools.testng.TestInvocationCount"/>
  <testcase name="f" time="0.000" classname="com.youceedu.tools.testng.TestInvocationCount"/>
  <testcase name="f" time="0.000" classname="com.youceedu.tools.testng.TestInvocationCount"/>
  <testcase name="f" time="0.000" classname="com.youceedu.tools.testng.TestInvocationCount"/>
  <testcase name="f" time="0.000" classname="com.youceedu.tools.testng.TestInvocationCount"/>
  <testcase name="f" time="0.000" classname="com.youceedu.tools.testng.TestInvocationCount"/>
  <testcase name="f" time="0.000" classname="com.youceedu.tools.testng.TestInvocationCount"/>
  <testcase name="f" time="0.001" classname="com.youceedu.tools.testng.TestInvocationCount"/>
  <testcase name="f" time="0.000" classname="com.youceedu.tools.testng.TestInvocationCount"/>
  <testcase name="f" time="0.001" classname="com.youceedu.tools.testng.TestInvocationCount"/>
  <testcase name="f" time="0.000" classname="com.youceedu.tools.testng.TestInvocationCount"/>
  <testcase name="f" time="0.000" classname="com.youceedu.tools.testng.TestInvocationCount"/>
  <testcase name="f" time="0.000" classname="com.youceedu.tools.testng.TestInvocationCount"/>
  <testcase name="f" time="0.000" classname="com.youceedu.tools.testng.TestInvocationCount"/>
  <testcase name="f" time="0.000" classname="com.youceedu.tools.testng.TestInvocationCount"/>
  <testcase name="f" time="0.001" classname="com.youceedu.tools.testng.TestInvocationCount"/>
  <testcase name="f" time="0.000" classname="com.youceedu.tools.testng.TestInvocationCount"/>
  <testcase name="f" time="0.001" classname="com.youceedu.tools.testng.TestInvocationCount"/>
  <testcase name="f" time="0.000" classname="com.youceedu.tools.testng.TestInvocationCount"/>
  <testcase name="f" time="0.001" classname="com.youceedu.tools.testng.TestInvocationCount"/>
  <testcase name="f" time="0.001" classname="com.youceedu.tools.testng.TestInvocationCount"/>
  <testcase name="f" time="0.000" classname="com.youceedu.tools.testng.TestInvocationCount"/>
  <testcase name="f" time="0.000" classname="com.youceedu.tools.testng.TestInvocationCount"/>
  <testcase name="f" time="0.000" classname="com.youceedu.tools.testng.TestInvocationCount"/>
  <testcase name="f" time="0.001" classname="com.youceedu.tools.testng.TestInvocationCount"/>
  <testcase name="f" time="0.000" classname="com.youceedu.tools.testng.TestInvocationCount"/>
  <testcase name="f" time="0.000" classname="com.youceedu.tools.testng.TestInvocationCount"/>
  <testcase name="f" time="0.000" classname="com.youceedu.tools.testng.TestInvocationCount"/>
  <testcase name="f" time="0.000" classname="com.youceedu.tools.testng.TestInvocationCount"/>
  <testcase name="f" time="0.001" classname="com.youceedu.tools.testng.TestInvocationCount"/>
  <testcase name="f" time="0.001" classname="com.youceedu.tools.testng.TestInvocationCount"/>
  <testcase name="f" time="0.000" classname="com.youceedu.tools.testng.TestInvocationCount"/>
  <testcase name="f" time="0.000" classname="com.youceedu.tools.testng.TestInvocationCount"/>
  <testcase name="f" time="0.001" classname="com.youceedu.tools.testng.TestInvocationCount"/>
  <testcase name="f" time="0.000" classname="com.youceedu.tools.testng.TestInvocationCount"/>
  <testcase name="f" time="0.000" classname="com.youceedu.tools.testng.TestInvocationCount"/>
  <testcase name="f" time="0.000" classname="com.youceedu.tools.testng.TestInvocationCount"/>
  <testcase name="f" time="0.001" classname="com.youceedu.tools.testng.TestInvocationCount"/>
  <testcase name="f" time="0.001" classname="com.youceedu.tools.testng.TestInvocationCount"/>
  <testcase name="f" time="0.000" classname="com.youceedu.tools.testng.TestInvocationCount"/>
  <testcase name="f" time="0.001" classname="com.youceedu.tools.testng.TestInvocationCount"/>
  <testcase name="f" time="0.001" classname="com.youceedu.tools.testng.TestInvocationCount"/>
  <testcase name="f" time="0.000" classname="com.youceedu.tools.testng.TestInvocationCount"/>
  <testcase name="f" time="0.000" classname="com.youceedu.tools.testng.TestInvocationCount"/>
  <testcase name="f" time="0.002" classname="com.youceedu.tools.testng.TestInvocationCount"/>
  <testcase name="f" time="0.001" classname="com.youceedu.tools.testng.TestInvocationCount"/>
  <testcase name="f" time="0.000" classname="com.youceedu.tools.testng.TestInvocationCount"/>
  <testcase name="f" time="0.000" classname="com.youceedu.tools.testng.TestInvocationCount"/>
  <testcase name="f" time="0.002" classname="com.youceedu.tools.testng.TestInvocationCount"/>
  <testcase name="f" time="0.001" classname="com.youceedu.tools.testng.TestInvocationCount"/>
  <testcase name="f" time="0.000" classname="com.youceedu.tools.testng.TestInvocationCount"/>
  <testcase name="f" time="0.000" classname="com.youceedu.tools.testng.TestInvocationCount"/>
  <testcase name="f" time="0.001" classname="com.youceedu.tools.testng.TestInvocationCount"/>
  <testcase name="f" time="0.000" classname="com.youceedu.tools.testng.TestInvocationCount"/>
  <testcase name="f" time="0.002" classname="com.youceedu.tools.testng.TestInvocationCount"/>
  <testcase name="f" time="0.001" classname="com.youceedu.tools.testng.TestInvocationCount"/>
  <testcase name="f" time="0.000" classname="com.youceedu.tools.testng.TestInvocationCount"/>
  <testcase name="f" time="0.000" classname="com.youceedu.tools.testng.TestInvocationCount"/>
  <testcase name="f" time="0.000" classname="com.youceedu.tools.testng.TestInvocationCount"/>
  <testcase name="f" time="0.001" classname="com.youceedu.tools.testng.TestInvocationCount"/>
  <testcase name="f" time="0.000" classname="com.youceedu.tools.testng.TestInvocationCount"/>
  <testcase name="f" time="0.000" classname="com.youceedu.tools.testng.TestInvocationCount"/>
  <testcase name="f" time="0.002" classname="com.youceedu.tools.testng.TestInvocationCount"/>
  <testcase name="f" time="0.000" classname="com.youceedu.tools.testng.TestInvocationCount"/>
  <testcase name="f" time="0.000" classname="com.youceedu.tools.testng.TestInvocationCount"/>
  <testcase name="f" time="0.000" classname="com.youceedu.tools.testng.TestInvocationCount"/>
  <testcase name="f" time="0.000" classname="com.youceedu.tools.testng.TestInvocationCount"/>
  <testcase name="f" time="0.000" classname="com.youceedu.tools.testng.TestInvocationCount"/>
  <testcase name="f" time="0.001" classname="com.youceedu.tools.testng.TestInvocationCount"/>
  <testcase name="f" time="0.000" classname="com.youceedu.tools.testng.TestInvocationCount"/>
  <testcase name="f" time="0.000" classname="com.youceedu.tools.testng.TestInvocationCount"/>
  <testcase name="f" time="0.000" classname="com.youceedu.tools.testng.TestInvocationCount"/>
  <testcase name="f" time="0.005" classname="com.youceedu.tools.testng.TestInvocationCount"/>
  <testcase name="f" time="0.001" classname="com.youceedu.tools.testng.TestInvocationCount"/>
  <testcase name="f" time="0.000" classname="com.youceedu.tools.testng.TestInvocationCount"/>
  <testcase name="f" time="0.001" classname="com.youceedu.tools.testng.TestInvocationCount"/>
  <testcase name="f" time="0.001" classname="com.youceedu.tools.testng.TestInvocationCount"/>
  <testcase name="f" time="0.000" classname="com.youceedu.tools.testng.TestInvocationCount"/>
  <testcase name="f" time="0.002" classname="com.youceedu.tools.testng.TestInvocationCount"/>
  <testcase name="f" time="0.001" classname="com.youceedu.tools.testng.TestInvocationCount"/>
  <testcase name="f" time="0.000" classname="com.youceedu.tools.testng.TestInvocationCount"/>
  <testcase name="f" time="0.001" classname="com.youceedu.tools.testng.TestInvocationCount"/>
  <testcase name="f" time="0.000" classname="com.youceedu.tools.testng.TestInvocationCount"/>
  <testcase name="f" time="0.013" classname="com.youceedu.tools.testng.TestInvocationCount"/>
  <testcase name="f" time="0.000" classname="com.youceedu.tools.testng.TestInvocationCount"/>
  <testcase name="f" time="0.000" classname="com.youceedu.tools.testng.TestInvocationCount"/>
  <testcase name="f" time="0.000" classname="com.youceedu.tools.testng.TestInvocationCount"/>
  <testcase name="f" time="0.000" classname="com.youceedu.tools.testng.TestInvocationCount"/>
  <testcase name="f" time="0.000" classname="com.youceedu.tools.testng.TestInvocationCount"/>
  <testcase name="f" time="0.000" classname="com.youceedu.tools.testng.TestInvocationCount"/>
  <testcase name="f" time="0.000" classname="com.youceedu.tools.testng.TestInvocationCount"/>
  <testcase name="f" time="0.000" classname="com.youceedu.tools.testng.TestInvocationCount"/>
  <testcase name="f" time="0.000" classname="com.youceedu.tools.testng.TestInvocationCount"/>
  <testcase name="f" time="0.017" classname="com.youceedu.tools.testng.TestInvocationCount"/>
  <testcase name="f" time="0.001" classname="com.youceedu.tools.testng.TestInvocationCount"/>
  <testcase name="f" time="0.001" classname="com.youceedu.tools.testng.TestInvocationCount"/>
  <testcase name="f" time="0.000" classname="com.youceedu.tools.testng.TestInvocationCount"/>
  <testcase name="f" time="0.001" classname="com.youceedu.tools.testng.TestInvocationCount"/>
  <testcase name="f" time="0.001" classname="com.youceedu.tools.testng.TestInvocationCount"/>
  <testcase name="f" time="0.000" classname="com.youceedu.tools.testng.TestInvocationCount"/>
  <testcase name="f" time="0.000" classname="com.youceedu.tools.testng.TestInvocationCount"/>
  <testcase name="f" time="0.000" classname="com.youceedu.tools.testng.TestInvocationCount"/>
  <testcase name="f" time="0.001" classname="com.youceedu.tools.testng.TestInvocationCount"/>
  <testcase name="f" time="0.007" classname="com.youceedu.tools.testng.TestInvocationCount"/>
  <testcase name="f" time="0.000" classname="com.youceedu.tools.testng.TestInvocationCount"/>
  <testcase name="f" time="0.000" classname="com.youceedu.tools.testng.TestInvocationCount"/>
  <testcase name="f" time="0.000" classname="com.youceedu.tools.testng.TestInvocationCount"/>
  <testcase name="f" time="0.000" classname="com.youceedu.tools.testng.TestInvocationCount"/>
  <testcase name="f" time="0.000" classname="com.youceedu.tools.testng.TestInvocationCount"/>
  <testcase name="f" time="0.000" classname="com.youceedu.tools.testng.TestInvocationCount"/>
  <testcase name="f" time="0.000" classname="com.youceedu.tools.testng.TestInvocationCount"/>
  <testcase name="f" time="0.000" classname="com.youceedu.tools.testng.TestInvocationCount"/>
  <testcase name="f" time="0.000" classname="com.youceedu.tools.testng.TestInvocationCount"/>
  <testcase name="f" time="0.000" classname="com.youceedu.tools.testng.TestInvocationCount"/>
  <testcase name="f" time="0.001" classname="com.youceedu.tools.testng.TestInvocationCount"/>
  <testcase name="f" time="0.000" classname="com.youceedu.tools.testng.TestInvocationCount"/>
  <testcase name="f" time="0.000" classname="com.youceedu.tools.testng.TestInvocationCount"/>
  <testcase name="f" time="0.001" classname="com.youceedu.tools.testng.TestInvocationCount"/>
  <testcase name="f" time="0.000" classname="com.youceedu.tools.testng.TestInvocationCount"/>
  <testcase name="f" time="0.000" classname="com.youceedu.tools.testng.TestInvocationCount"/>
  <testcase name="f" time="0.000" classname="com.youceedu.tools.testng.TestInvocationCount"/>
  <testcase name="f" time="0.002" classname="com.youceedu.tools.testng.TestInvocationCount"/>
  <testcase name="f" time="0.001" classname="com.youceedu.tools.testng.TestInvocationCount"/>
  <testcase name="f" time="0.000" classname="com.youceedu.tools.testng.TestInvocationCount"/>
  <testcase name="f" time="0.003" classname="com.youceedu.tools.testng.TestInvocationCount"/>
  <testcase name="f" time="0.001" classname="com.youceedu.tools.testng.TestInvocationCount"/>
  <testcase name="f" time="0.001" classname="com.youceedu.tools.testng.TestInvocationCount"/>
  <testcase name="f" time="0.000" classname="com.youceedu.tools.testng.TestInvocationCount"/>
  <testcase name="f" time="0.000" classname="com.youceedu.tools.testng.TestInvocationCount"/>
  <testcase name="f" time="0.000" classname="com.youceedu.tools.testng.TestInvocationCount"/>
  <testcase name="f" time="0.000" classname="com.youceedu.tools.testng.TestInvocationCount"/>
  <testcase name="f" time="0.000" classname="com.youceedu.tools.testng.TestInvocationCount"/>
  <testcase name="f" time="0.000" classname="com.youceedu.tools.testng.TestInvocationCount"/>
  <testcase name="f" time="0.001" classname="com.youceedu.tools.testng.TestInvocationCount"/>
  <testcase name="f" time="0.001" classname="com.youceedu.tools.testng.TestInvocationCount"/>
  <testcase name="f" time="0.000" classname="com.youceedu.tools.testng.TestInvocationCount"/>
  <testcase name="f" time="0.001" classname="com.youceedu.tools.testng.TestInvocationCount"/>
  <testcase name="f" time="0.000" classname="com.youceedu.tools.testng.TestInvocationCount"/>
  <testcase name="f" time="0.000" classname="com.youceedu.tools.testng.TestInvocationCount"/>
  <testcase name="f" time="0.001" classname="com.youceedu.tools.testng.TestInvocationCount"/>
  <testcase name="f" time="0.002" classname="com.youceedu.tools.testng.TestInvocationCount"/>
  <testcase name="f" time="0.001" classname="com.youceedu.tools.testng.TestInvocationCount"/>
  <testcase name="f" time="0.000" classname="com.youceedu.tools.testng.TestInvocationCount"/>
  <testcase name="f" time="0.000" classname="com.youceedu.tools.testng.TestInvocationCount"/>
  <testcase name="f" time="0.000" classname="com.youceedu.tools.testng.TestInvocationCount"/>
  <testcase name="f" time="0.000" classname="com.youceedu.tools.testng.TestInvocationCount"/>
  <testcase name="f" time="0.000" classname="com.youceedu.tools.testng.TestInvocationCount"/>
  <testcase name="f" time="0.000" classname="com.youceedu.tools.testng.TestInvocationCount"/>
  <testcase name="f" time="0.001" classname="com.youceedu.tools.testng.TestInvocationCount"/>
  <testcase name="f" time="0.001" classname="com.youceedu.tools.testng.TestInvocationCount"/>
  <testcase name="f" time="0.000" classname="com.youceedu.tools.testng.TestInvocationCount"/>
  <testcase name="f" time="0.000" classname="com.youceedu.tools.testng.TestInvocationCount"/>
  <testcase name="f" time="0.000" classname="com.youceedu.tools.testng.TestInvocationCount"/>
  <testcase name="f" time="0.001" classname="com.youceedu.tools.testng.TestInvocationCount"/>
  <testcase name="f" time="0.000" classname="com.youceedu.tools.testng.TestInvocationCount"/>
  <testcase name="f" time="0.001" classname="com.youceedu.tools.testng.TestInvocationCount"/>
  <testcase name="f" time="0.000" classname="com.youceedu.tools.testng.TestInvocationCount"/>
  <testcase name="f" time="0.000" classname="com.youceedu.tools.testng.TestInvocationCount"/>
  <testcase name="f" time="0.000" classname="com.youceedu.tools.testng.TestInvocationCount"/>
  <testcase name="f" time="0.001" classname="com.youceedu.tools.testng.TestInvocationCount"/>
  <testcase name="f" time="0.000" classname="com.youceedu.tools.testng.TestInvocationCount"/>
  <testcase name="f" time="0.000" classname="com.youceedu.tools.testng.TestInvocationCount"/>
  <testcase name="f" time="0.000" classname="com.youceedu.tools.testng.TestInvocationCount"/>
  <testcase name="f" time="0.000" classname="com.youceedu.tools.testng.TestInvocationCount"/>
  <testcase name="f" time="0.000" classname="com.youceedu.tools.testng.TestInvocationCount"/>
  <testcase name="f" time="0.001" classname="com.youceedu.tools.testng.TestInvocationCount"/>
  <testcase name="f" time="0.000" classname="com.youceedu.tools.testng.TestInvocationCount"/>
  <testcase name="f" time="0.000" classname="com.youceedu.tools.testng.TestInvocationCount"/>
  <testcase name="f" time="0.000" classname="com.youceedu.tools.testng.TestInvocationCount"/>
  <testcase name="f" time="0.000" classname="com.youceedu.tools.testng.TestInvocationCount"/>
  <testcase name="f" time="0.000" classname="com.youceedu.tools.testng.TestInvocationCount"/>
  <testcase name="f" time="0.001" classname="com.youceedu.tools.testng.TestInvocationCount"/>
  <testcase name="f" time="0.000" classname="com.youceedu.tools.testng.TestInvocationCount"/>
  <testcase name="f" time="0.000" classname="com.youceedu.tools.testng.TestInvocationCount"/>
  <testcase name="f" time="0.000" classname="com.youceedu.tools.testng.TestInvocationCount"/>
  <testcase name="f" time="0.001" classname="com.youceedu.tools.testng.TestInvocationCount"/>
  <testcase name="f" time="0.001" classname="com.youceedu.tools.testng.TestInvocationCount"/>
  <testcase name="f" time="0.000" classname="com.youceedu.tools.testng.TestInvocationCount"/>
  <testcase name="f" time="0.000" classname="com.youceedu.tools.testng.TestInvocationCount"/>
  <testcase name="f" time="0.000" classname="com.youceedu.tools.testng.TestInvocationCount"/>
  <testcase name="f" time="0.000" classname="com.youceedu.tools.testng.TestInvocationCount"/>
  <testcase name="f" time="0.001" classname="com.youceedu.tools.testng.TestInvocationCount"/>
  <testcase name="f" time="0.000" classname="com.youceedu.tools.testng.TestInvocationCount"/>
  <testcase name="f" time="0.000" classname="com.youceedu.tools.testng.TestInvocationCount"/>
  <testcase name="f" time="0.000" classname="com.youceedu.tools.testng.TestInvocationCount"/>
  <testcase name="f" time="0.001" classname="com.youceedu.tools.testng.TestInvocationCount"/>
  <testcase name="f" time="0.000" classname="com.youceedu.tools.testng.TestInvocationCount"/>
  <testcase name="f" time="0.000" classname="com.youceedu.tools.testng.TestInvocationCount"/>
  <testcase name="f" time="0.000" classname="com.youceedu.tools.testng.TestInvocationCount"/>
  <testcase name="f" time="0.001" classname="com.youceedu.tools.testng.TestInvocationCount"/>
  <testcase name="f" time="0.000" classname="com.youceedu.tools.testng.TestInvocationCount"/>
  <testcase name="f" time="0.000" classname="com.youceedu.tools.testng.TestInvocationCount"/>
  <testcase name="f" time="0.000" classname="com.youceedu.tools.testng.TestInvocationCount"/>
  <testcase name="f" time="0.000" classname="com.youceedu.tools.testng.TestInvocationCount"/>
  <testcase name="f" time="0.000" classname="com.youceedu.tools.testng.TestInvocationCount"/>
  <testcase name="f" time="0.000" classname="com.youceedu.tools.testng.TestInvocationCount"/>
  <testcase name="f" time="0.000" classname="com.youceedu.tools.testng.TestInvocationCount"/>
  <testcase name="f" time="0.000" classname="com.youceedu.tools.testng.TestInvocationCount"/>
  <testcase name="f" time="0.000" classname="com.youceedu.tools.testng.TestInvocationCount"/>
  <testcase name="f" time="0.001" classname="com.youceedu.tools.testng.TestInvocationCount"/>
  <testcase name="f" time="0.000" classname="com.youceedu.tools.testng.TestInvocationCount"/>
  <testcase name="f" time="0.000" classname="com.youceedu.tools.testng.TestInvocationCount"/>
  <testcase name="f" time="0.000" classname="com.youceedu.tools.testng.TestInvocationCount"/>
  <testcase name="f" time="0.000" classname="com.youceedu.tools.testng.TestInvocationCount"/>
  <testcase name="f" time="0.000" classname="com.youceedu.tools.testng.TestInvocationCount"/>
  <testcase name="f" time="0.000" classname="com.youceedu.tools.testng.TestInvocationCount"/>
  <testcase name="f" time="0.000" classname="com.youceedu.tools.testng.TestInvocationCount"/>
  <testcase name="f" time="0.000" classname="com.youceedu.tools.testng.TestInvocationCount"/>
  <testcase name="f" time="0.000" classname="com.youceedu.tools.testng.TestInvocationCount"/>
  <testcase name="f" time="0.001" classname="com.youceedu.tools.testng.TestInvocationCount"/>
  <testcase name="f" time="0.000" classname="com.youceedu.tools.testng.TestInvocationCount"/>
  <testcase name="f" time="0.000" classname="com.youceedu.tools.testng.TestInvocationCount"/>
  <testcase name="f" time="0.000" classname="com.youceedu.tools.testng.TestInvocationCount"/>
  <testcase name="f" time="0.000" classname="com.youceedu.tools.testng.TestInvocationCount"/>
  <testcase name="f" time="0.000" classname="com.youceedu.tools.testng.TestInvocationCount"/>
  <testcase name="f" time="0.000" classname="com.youceedu.tools.testng.TestInvocationCount"/>
  <testcase name="f" time="0.000" classname="com.youceedu.tools.testng.TestInvocationCount"/>
  <testcase name="f" time="0.001" classname="com.youceedu.tools.testng.TestInvocationCount"/>
  <testcase name="f" time="0.000" classname="com.youceedu.tools.testng.TestInvocationCount"/>
  <testcase name="f" time="0.003" classname="com.youceedu.tools.testng.TestInvocationCount"/>
  <testcase name="f" time="0.000" classname="com.youceedu.tools.testng.TestInvocationCount"/>
  <testcase name="f" time="0.001" classname="com.youceedu.tools.testng.TestInvocationCount"/>
  <testcase name="f" time="0.001" classname="com.youceedu.tools.testng.TestInvocationCount"/>
  <testcase name="f" time="0.000" classname="com.youceedu.tools.testng.TestInvocationCount"/>
  <testcase name="f" time="0.000" classname="com.youceedu.tools.testng.TestInvocationCount"/>
  <testcase name="f" time="0.000" classname="com.youceedu.tools.testng.TestInvocationCount"/>
  <testcase name="f" time="0.002" classname="com.youceedu.tools.testng.TestInvocationCount"/>
  <testcase name="f" time="0.000" classname="com.youceedu.tools.testng.TestInvocationCount"/>
  <testcase name="f" time="0.001" classname="com.youceedu.tools.testng.TestInvocationCount"/>
  <testcase name="f" time="0.000" classname="com.youceedu.tools.testng.TestInvocationCount"/>
  <testcase name="f" time="0.003" classname="com.youceedu.tools.testng.TestInvocationCount"/>
  <testcase name="f" time="0.000" classname="com.youceedu.tools.testng.TestInvocationCount"/>
  <testcase name="f" time="0.000" classname="com.youceedu.tools.testng.TestInvocationCount"/>
  <testcase name="f" time="0.001" classname="com.youceedu.tools.testng.TestInvocationCount"/>
  <testcase name="f" time="0.000" classname="com.youceedu.tools.testng.TestInvocationCount"/>
  <testcase name="f" time="0.000" classname="com.youceedu.tools.testng.TestInvocationCount"/>
  <testcase name="f" time="0.000" classname="com.youceedu.tools.testng.TestInvocationCount"/>
  <testcase name="f" time="0.001" classname="com.youceedu.tools.testng.TestInvocationCount"/>
  <testcase name="f" time="0.000" classname="com.youceedu.tools.testng.TestInvocationCount"/>
  <testcase name="f" time="0.007" classname="com.youceedu.tools.testng.TestInvocationCount"/>
  <testcase name="f" time="0.000" classname="com.youceedu.tools.testng.TestInvocationCount"/>
  <testcase name="f" time="0.000" classname="com.youceedu.tools.testng.TestInvocationCount"/>
  <testcase name="f" time="0.001" classname="com.youceedu.tools.testng.TestInvocationCount"/>
  <testcase name="f" time="0.002" classname="com.youceedu.tools.testng.TestInvocationCount"/>
  <testcase name="f" time="0.000" classname="com.youceedu.tools.testng.TestInvocationCount"/>
  <testcase name="f" time="0.000" classname="com.youceedu.tools.testng.TestInvocationCount"/>
  <testcase name="f" time="0.000" classname="com.youceedu.tools.testng.TestInvocationCount"/>
  <testcase name="f" time="0.000" classname="com.youceedu.tools.testng.TestInvocationCount"/>
  <testcase name="f" time="0.000" classname="com.youceedu.tools.testng.TestInvocationCount"/>
  <testcase name="f" time="0.000" classname="com.youceedu.tools.testng.TestInvocationCount"/>
  <testcase name="f" time="0.000" classname="com.youceedu.tools.testng.TestInvocationCount"/>
  <testcase name="f" time="0.000" classname="com.youceedu.tools.testng.TestInvocationCount"/>
  <testcase name="f" time="0.000" classname="com.youceedu.tools.testng.TestInvocationCount"/>
  <testcase name="f" time="0.007" classname="com.youceedu.tools.testng.TestInvocationCount"/>
  <testcase name="f" time="0.000" classname="com.youceedu.tools.testng.TestInvocationCount"/>
  <testcase name="f" time="0.000" classname="com.youceedu.tools.testng.TestInvocationCount"/>
  <testcase name="f" time="0.001" classname="com.youceedu.tools.testng.TestInvocationCount"/>
  <testcase name="f" time="0.000" classname="com.youceedu.tools.testng.TestInvocationCount"/>
  <testcase name="f" time="0.000" classname="com.youceedu.tools.testng.TestInvocationCount"/>
  <testcase name="f" time="0.000" classname="com.youceedu.tools.testng.TestInvocationCount"/>
  <testcase name="f" time="0.001" classname="com.youceedu.tools.testng.TestInvocationCount"/>
  <testcase name="f" time="0.000" classname="com.youceedu.tools.testng.TestInvocationCount"/>
  <testcase name="f" time="0.000" classname="com.youceedu.tools.testng.TestInvocationCount"/>
  <testcase name="f" time="0.001" classname="com.youceedu.tools.testng.TestInvocationCount"/>
  <testcase name="f" time="0.000" classname="com.youceedu.tools.testng.TestInvocationCount"/>
  <testcase name="f" time="0.000" classname="com.youceedu.tools.testng.TestInvocationCount"/>
  <testcase name="f" time="0.000" classname="com.youceedu.tools.testng.TestInvocationCount"/>
  <testcase name="f" time="0.000" classname="com.youceedu.tools.testng.TestInvocationCount"/>
  <testcase name="f" time="0.000" classname="com.youceedu.tools.testng.TestInvocationCount"/>
  <testcase name="f" time="0.001" classname="com.youceedu.tools.testng.TestInvocationCount"/>
  <testcase name="f" time="0.002" classname="com.youceedu.tools.testng.TestInvocationCount"/>
  <testcase name="f" time="0.000" classname="com.youceedu.tools.testng.TestInvocationCount"/>
  <testcase name="f" time="0.000" classname="com.youceedu.tools.testng.TestInvocationCount"/>
  <testcase name="f" time="0.000" classname="com.youceedu.tools.testng.TestInvocationCount"/>
  <testcase name="f" time="0.002" classname="com.youceedu.tools.testng.TestInvocationCount"/>
  <testcase name="f" time="0.000" classname="com.youceedu.tools.testng.TestInvocationCount"/>
  <testcase name="f" time="0.001" classname="com.youceedu.tools.testng.TestInvocationCount"/>
  <testcase name="f" time="0.000" classname="com.youceedu.tools.testng.TestInvocationCount"/>
  <testcase name="f" time="0.000" classname="com.youceedu.tools.testng.TestInvocationCount"/>
  <testcase name="f" time="0.000" classname="com.youceedu.tools.testng.TestInvocationCount"/>
  <testcase name="f" time="0.001" classname="com.youceedu.tools.testng.TestInvocationCount"/>
  <testcase name="f" time="0.000" classname="com.youceedu.tools.testng.TestInvocationCount"/>
  <testcase name="f" time="0.000" classname="com.youceedu.tools.testng.TestInvocationCount"/>
  <testcase name="f" time="0.000" classname="com.youceedu.tools.testng.TestInvocationCount"/>
  <testcase name="f" time="0.001" classname="com.youceedu.tools.testng.TestInvocationCount"/>
  <testcase name="f" time="0.000" classname="com.youceedu.tools.testng.TestInvocationCount"/>
  <testcase name="f" time="0.000" classname="com.youceedu.tools.testng.TestInvocationCount"/>
  <testcase name="f" time="0.000" classname="com.youceedu.tools.testng.TestInvocationCount"/>
  <testcase name="f" time="0.000" classname="com.youceedu.tools.testng.TestInvocationCount"/>
  <testcase name="f" time="0.000" classname="com.youceedu.tools.testng.TestInvocationCount"/>
  <testcase name="f" time="0.000" classname="com.youceedu.tools.testng.TestInvocationCount"/>
  <testcase name="f" time="0.000" classname="com.youceedu.tools.testng.TestInvocationCount"/>
  <testcase name="f" time="0.000" classname="com.youceedu.tools.testng.TestInvocationCount"/>
  <testcase name="f" time="0.000" classname="com.youceedu.tools.testng.TestInvocationCount"/>
  <testcase name="f" time="0.000" classname="com.youceedu.tools.testng.TestInvocationCount"/>
  <testcase name="f" time="0.004" classname="com.youceedu.tools.testng.TestInvocationCount"/>
  <testcase name="f" time="0.000" classname="com.youceedu.tools.testng.TestInvocationCount"/>
  <testcase name="f" time="0.001" classname="com.youceedu.tools.testng.TestInvocationCount"/>
  <testcase name="f" time="0.000" classname="com.youceedu.tools.testng.TestInvocationCount"/>
  <testcase name="f" time="0.000" classname="com.youceedu.tools.testng.TestInvocationCount"/>
  <testcase name="f" time="0.011" classname="com.youceedu.tools.testng.TestInvocationCount"/>
  <testcase name="f" time="0.000" classname="com.youceedu.tools.testng.TestInvocationCount"/>
  <testcase name="f" time="0.001" classname="com.youceedu.tools.testng.TestInvocationCount"/>
  <testcase name="f" time="0.003" classname="com.youceedu.tools.testng.TestInvocationCount"/>
  <testcase name="f" time="0.000" classname="com.youceedu.tools.testng.TestInvocationCount"/>
  <testcase name="f" time="0.000" classname="com.youceedu.tools.testng.TestInvocationCount"/>
  <testcase name="f" time="0.000" classname="com.youceedu.tools.testng.TestInvocationCount"/>
  <testcase name="f" time="0.000" classname="com.youceedu.tools.testng.TestInvocationCount"/>
  <testcase name="f" time="0.001" classname="com.youceedu.tools.testng.TestInvocationCount"/>
  <testcase name="f" time="0.000" classname="com.youceedu.tools.testng.TestInvocationCount"/>
  <testcase name="f" time="0.001" classname="com.youceedu.tools.testng.TestInvocationCount"/>
  <testcase name="f" time="0.000" classname="com.youceedu.tools.testng.TestInvocationCount"/>
  <testcase name="f" time="0.001" classname="com.youceedu.tools.testng.TestInvocationCount"/>
  <testcase name="f" time="0.000" classname="com.youceedu.tools.testng.TestInvocationCount"/>
  <testcase name="f" time="0.000" classname="com.youceedu.tools.testng.TestInvocationCount"/>
  <testcase name="f" time="0.000" classname="com.youceedu.tools.testng.TestInvocationCount"/>
  <testcase name="f" time="0.000" classname="com.youceedu.tools.testng.TestInvocationCount"/>
  <testcase name="f" time="0.003" classname="com.youceedu.tools.testng.TestInvocationCount"/>
  <testcase name="f" time="0.000" classname="com.youceedu.tools.testng.TestInvocationCount"/>
  <testcase name="f" time="0.001" classname="com.youceedu.tools.testng.TestInvocationCount"/>
  <testcase name="f" time="0.000" classname="com.youceedu.tools.testng.TestInvocationCount"/>
  <testcase name="f" time="0.000" classname="com.youceedu.tools.testng.TestInvocationCount"/>
  <testcase name="f" time="0.000" classname="com.youceedu.tools.testng.TestInvocationCount"/>
  <testcase name="f" time="0.000" classname="com.youceedu.tools.testng.TestInvocationCount"/>
  <testcase name="f" time="0.000" classname="com.youceedu.tools.testng.TestInvocationCount"/>
  <testcase name="f" time="0.000" classname="com.youceedu.tools.testng.TestInvocationCount"/>
  <testcase name="f" time="0.000" classname="com.youceedu.tools.testng.TestInvocationCount"/>
  <testcase name="f" time="0.000" classname="com.youceedu.tools.testng.TestInvocationCount"/>
  <testcase name="f" time="0.000" classname="com.youceedu.tools.testng.TestInvocationCount"/>
  <testcase name="f" time="0.001" classname="com.youceedu.tools.testng.TestInvocationCount"/>
</testsuite> <!-- com.youceedu.tools.testng.TestInvocationCount -->
