<?xml version="1.0" encoding="UTF-8"?>
<!-- Generated by org.testng.reporters.JUnitReportReporter -->
<testsuite hostname="DESKTOP-0PO628N" name="com.youceedu.tools.testng.TestForDateProvider" tests="2" failures="0" timestamp="14 Mar 2021 11:31:54 GMT" time="0.007" errors="0">
  <testcase name="test1" time="0.006" classname="com.youceedu.tools.testng.TestForDateProvider"/>
  <testcase name="test1" time="0.001" classname="com.youceedu.tools.testng.TestForDateProvider"/>
</testsuite> <!-- com.youceedu.tools.testng.TestForDateProvider -->
